2022-02-17 17:40:50,049:INFO:PyCaret Supervised Module
2022-02-17 17:40:50,050:INFO:ML Usecase: classification
2022-02-17 17:40:50,050:INFO:version 2.2.3
2022-02-17 17:40:50,050:INFO:Initializing setup()
2022-02-17 17:40:50,050:INFO:setup(target=rain_tomorrow, ml_usecase=classification, available_plots={'parameter': 'Hyperparameters', 'auc': 'AUC', 'confusion_matrix': 'Confusion Matrix', 'threshold': 'Threshold', 'pr': 'Precision Recall', 'error': 'Prediction Error', 'class_report': 'Class Report', 'rfe': 'Feature Selection', 'learning': 'Learning Curve', 'manifold': 'Manifold Learning', 'calibration': 'Calibration Curve', 'vc': 'Validation Curve', 'dimension': 'Dimensions', 'feature': 'Feature Importance', 'feature_all': 'Feature Importance (All)', 'boundary': 'Decision Boundary', 'lift': 'Lift Chart', 'gain': 'Gain Chart', 'tree': 'Decision Tree'}, train_size=0.7, test_data=None, preprocess=True, imputation_type=simple, iterative_imputation_iters=5, categorical_features=None, categorical_imputation=constant, categorical_iterative_imputer=lightgbm, ordinal_features=None, high_cardinality_features=None, high_cardinality_method=frequency, numeric_features=None, numeric_imputation=mean, numeric_iterative_imputer=lightgbm, date_features=None, ignore_features=None, normalize=False, normalize_method=zscore, transformation=False, transformation_method=yeo-johnson, handle_unknown_categorical=True, unknown_categorical_method=least_frequent, pca=False, pca_method=linear, pca_components=None, ignore_low_variance=False, combine_rare_levels=False, rare_level_threshold=0.1, bin_numeric_features=None, remove_outliers=False, outliers_threshold=0.05, remove_multicollinearity=False, multicollinearity_threshold=0.9, remove_perfect_collinearity=True, create_clusters=False, cluster_iter=20, polynomial_features=False, polynomial_degree=2, trigonometry_features=False, polynomial_threshold=0.1, group_features=None, group_names=None, feature_selection=False, feature_selection_threshold=0.8, feature_selection_method=classic, feature_interaction=False, feature_ratio=False, interaction_threshold=0.01, fix_imbalance=False, fix_imbalance_method=None, transform_target=False, transform_target_method=box-cox, data_split_shuffle=True, data_split_stratify=False, fold_strategy=stratifiedkfold, fold=10, fold_shuffle=False, fold_groups=None, n_jobs=-1, use_gpu=False, custom_pipeline=None, html=True, session_id=123, log_experiment=False, experiment_name=None, log_plots=False, log_profile=False, log_data=False, silent=False, verbose=True, profile=False, profile_kwargs=None, display=None)
2022-02-17 17:40:50,050:INFO:Checking environment
2022-02-17 17:40:50,050:INFO:python_version: 3.7.11
2022-02-17 17:40:50,050:INFO:python_build: ('default', 'Jul 27 2021 07:03:16')
2022-02-17 17:40:50,050:INFO:machine: x86_64
2022-02-17 17:40:50,050:INFO:platform: Darwin-20.6.0-x86_64-i386-64bit
2022-02-17 17:40:50,052:WARNING:cannot find psutil installation. memory not traceable. Install psutil using pip to enable memory logging.
2022-02-17 17:40:50,052:INFO:Checking libraries
2022-02-17 17:40:50,052:INFO:pd==1.3.5
2022-02-17 17:40:50,052:INFO:numpy==1.21.2
2022-02-17 17:40:50,053:INFO:sklearn==1.0.2
2022-02-17 17:40:50,592:INFO:xgboost==1.5.1
2022-02-17 17:40:50,592:INFO:lightgbm==3.3.2
2022-02-17 17:40:52,070:INFO:catboost==1.0.4
2022-02-17 17:40:52,949:INFO:mlflow==1.23.1
2022-02-17 17:40:52,949:INFO:Checking Exceptions
2022-02-17 17:40:52,950:INFO:Declaring global variables
2022-02-17 17:40:52,950:INFO:USI: 9c99
2022-02-17 17:40:52,950:INFO:pycaret_globals: {'logging_param', 'stratify_param', 'fix_imbalance_method_param', '_all_metrics', 'target_param', 'X_test', 'X', '_ml_usecase', 'display_container', 'iterative_imputation_iters_param', 'fold_groups_param', 'imputation_regressor', '_all_models_internal', 'USI', 'y', 'log_plots_param', 'y_test', '_all_models', 'prep_pipe', 'experiment__', '_available_plots', 'fold_shuffle_param', 'data_before_preprocess', 'fold_param', 'n_jobs_param', 'exp_name_log', '_internal_pipeline', 'gpu_param', 'imputation_classifier', 'html_param', 'X_train', 'master_model_container', 'transform_target_method_param', 'seed', 'create_model_container', 'transform_target_param', 'y_train', 'fix_imbalance_param', 'pycaret_globals', 'fold_generator', '_gpu_n_jobs_param'}
2022-02-17 17:40:52,951:INFO:Preparing display monitor
2022-02-17 17:40:52,951:INFO:Preparing display monitor
2022-02-17 17:40:52,966:INFO:Importing libraries
2022-02-17 17:40:52,967:INFO:Copying data for preprocessing
2022-02-17 17:40:52,974:INFO:Declaring preprocessing parameters
2022-02-17 17:40:52,977:INFO:Creating preprocessing pipeline
2022-02-17 17:40:52,991:INFO:Preprocessing pipeline created successfully
2022-02-17 17:40:52,991:ERROR:(Process Exit): setup has been interupted with user command 'quit'. setup must rerun.
2022-02-17 17:40:52,992:INFO:Creating global containers
2022-02-17 17:43:18,310:INFO:PyCaret Supervised Module
2022-02-17 17:43:18,311:INFO:ML Usecase: classification
2022-02-17 17:43:18,311:INFO:version 2.2.3
2022-02-17 17:43:18,311:INFO:Initializing setup()
2022-02-17 17:43:18,311:INFO:setup(target=rain_tomorrow, ml_usecase=classification, available_plots={'parameter': 'Hyperparameters', 'auc': 'AUC', 'confusion_matrix': 'Confusion Matrix', 'threshold': 'Threshold', 'pr': 'Precision Recall', 'error': 'Prediction Error', 'class_report': 'Class Report', 'rfe': 'Feature Selection', 'learning': 'Learning Curve', 'manifold': 'Manifold Learning', 'calibration': 'Calibration Curve', 'vc': 'Validation Curve', 'dimension': 'Dimensions', 'feature': 'Feature Importance', 'feature_all': 'Feature Importance (All)', 'boundary': 'Decision Boundary', 'lift': 'Lift Chart', 'gain': 'Gain Chart', 'tree': 'Decision Tree'}, train_size=0.7, test_data=None, preprocess=True, imputation_type=simple, iterative_imputation_iters=5, categorical_features=None, categorical_imputation=constant, categorical_iterative_imputer=lightgbm, ordinal_features=None, high_cardinality_features=None, high_cardinality_method=frequency, numeric_features=None, numeric_imputation=mean, numeric_iterative_imputer=lightgbm, date_features=None, ignore_features=None, normalize=False, normalize_method=zscore, transformation=False, transformation_method=yeo-johnson, handle_unknown_categorical=True, unknown_categorical_method=least_frequent, pca=False, pca_method=linear, pca_components=None, ignore_low_variance=False, combine_rare_levels=False, rare_level_threshold=0.1, bin_numeric_features=None, remove_outliers=False, outliers_threshold=0.05, remove_multicollinearity=False, multicollinearity_threshold=0.9, remove_perfect_collinearity=True, create_clusters=False, cluster_iter=20, polynomial_features=False, polynomial_degree=2, trigonometry_features=False, polynomial_threshold=0.1, group_features=None, group_names=None, feature_selection=False, feature_selection_threshold=0.8, feature_selection_method=classic, feature_interaction=False, feature_ratio=False, interaction_threshold=0.01, fix_imbalance=False, fix_imbalance_method=None, transform_target=False, transform_target_method=box-cox, data_split_shuffle=True, data_split_stratify=False, fold_strategy=stratifiedkfold, fold=10, fold_shuffle=False, fold_groups=None, n_jobs=-1, use_gpu=False, custom_pipeline=None, html=True, session_id=None, log_experiment=False, experiment_name=None, log_plots=False, log_profile=False, log_data=False, silent=False, verbose=True, profile=False, profile_kwargs=None, display=None)
2022-02-17 17:43:18,311:INFO:Checking environment
2022-02-17 17:43:18,311:INFO:python_version: 3.7.11
2022-02-17 17:43:18,311:INFO:python_build: ('default', 'Jul 27 2021 07:03:16')
2022-02-17 17:43:18,311:INFO:machine: x86_64
2022-02-17 17:43:18,311:INFO:platform: Darwin-20.6.0-x86_64-i386-64bit
2022-02-17 17:43:18,312:WARNING:cannot find psutil installation. memory not traceable. Install psutil using pip to enable memory logging.
2022-02-17 17:43:18,312:INFO:Checking libraries
2022-02-17 17:43:18,312:INFO:pd==1.3.5
2022-02-17 17:43:18,312:INFO:numpy==1.21.2
2022-02-17 17:43:18,312:INFO:sklearn==1.0.2
2022-02-17 17:43:18,312:INFO:xgboost==1.5.1
2022-02-17 17:43:18,312:INFO:lightgbm==3.3.2
2022-02-17 17:43:18,312:INFO:catboost==1.0.4
2022-02-17 17:43:18,312:INFO:mlflow==1.23.1
2022-02-17 17:43:18,312:INFO:Checking Exceptions
2022-02-17 17:43:18,312:INFO:Declaring global variables
2022-02-17 17:43:18,312:INFO:USI: 8b85
2022-02-17 17:43:18,312:INFO:pycaret_globals: {'logging_param', 'stratify_param', 'fix_imbalance_method_param', '_all_metrics', 'target_param', 'X_test', 'X', '_ml_usecase', 'display_container', 'iterative_imputation_iters_param', 'fold_groups_param', 'imputation_regressor', '_all_models_internal', 'USI', 'y', 'log_plots_param', 'y_test', '_all_models', 'prep_pipe', 'experiment__', '_available_plots', 'fold_shuffle_param', 'data_before_preprocess', 'fold_param', 'n_jobs_param', 'exp_name_log', '_internal_pipeline', 'gpu_param', 'imputation_classifier', 'html_param', 'X_train', 'master_model_container', 'transform_target_method_param', 'seed', 'create_model_container', 'transform_target_param', 'y_train', 'fix_imbalance_param', 'pycaret_globals', 'fold_generator', '_gpu_n_jobs_param'}
2022-02-17 17:43:18,312:INFO:Preparing display monitor
2022-02-17 17:43:18,313:INFO:Preparing display monitor
2022-02-17 17:43:18,321:INFO:Importing libraries
2022-02-17 17:43:18,322:INFO:Copying data for preprocessing
2022-02-17 17:43:18,328:INFO:Declaring preprocessing parameters
2022-02-17 17:43:18,329:INFO:Creating preprocessing pipeline
2022-02-17 17:43:18,340:INFO:Preprocessing pipeline created successfully
2022-02-17 17:43:18,340:ERROR:(Process Exit): setup has been interupted with user command 'quit'. setup must rerun.
2022-02-17 17:43:18,340:INFO:Creating global containers
2022-02-17 17:45:23,085:INFO:PyCaret Supervised Module
2022-02-17 17:45:23,085:INFO:ML Usecase: classification
2022-02-17 17:45:23,085:INFO:version 2.2.3
2022-02-17 17:45:23,086:INFO:Initializing setup()
2022-02-17 17:45:23,086:INFO:setup(target=Purchase, ml_usecase=classification, available_plots={'parameter': 'Hyperparameters', 'auc': 'AUC', 'confusion_matrix': 'Confusion Matrix', 'threshold': 'Threshold', 'pr': 'Precision Recall', 'error': 'Prediction Error', 'class_report': 'Class Report', 'rfe': 'Feature Selection', 'learning': 'Learning Curve', 'manifold': 'Manifold Learning', 'calibration': 'Calibration Curve', 'vc': 'Validation Curve', 'dimension': 'Dimensions', 'feature': 'Feature Importance', 'feature_all': 'Feature Importance (All)', 'boundary': 'Decision Boundary', 'lift': 'Lift Chart', 'gain': 'Gain Chart', 'tree': 'Decision Tree'}, train_size=0.7, test_data=None, preprocess=True, imputation_type=simple, iterative_imputation_iters=5, categorical_features=None, categorical_imputation=constant, categorical_iterative_imputer=lightgbm, ordinal_features=None, high_cardinality_features=None, high_cardinality_method=frequency, numeric_features=None, numeric_imputation=mean, numeric_iterative_imputer=lightgbm, date_features=None, ignore_features=None, normalize=False, normalize_method=zscore, transformation=False, transformation_method=yeo-johnson, handle_unknown_categorical=True, unknown_categorical_method=least_frequent, pca=False, pca_method=linear, pca_components=None, ignore_low_variance=False, combine_rare_levels=False, rare_level_threshold=0.1, bin_numeric_features=None, remove_outliers=False, outliers_threshold=0.05, remove_multicollinearity=False, multicollinearity_threshold=0.9, remove_perfect_collinearity=True, create_clusters=False, cluster_iter=20, polynomial_features=False, polynomial_degree=2, trigonometry_features=False, polynomial_threshold=0.1, group_features=None, group_names=None, feature_selection=False, feature_selection_threshold=0.8, feature_selection_method=classic, feature_interaction=False, feature_ratio=False, interaction_threshold=0.01, fix_imbalance=False, fix_imbalance_method=None, transform_target=False, transform_target_method=box-cox, data_split_shuffle=True, data_split_stratify=False, fold_strategy=stratifiedkfold, fold=10, fold_shuffle=False, fold_groups=None, n_jobs=-1, use_gpu=False, custom_pipeline=None, html=True, session_id=None, log_experiment=False, experiment_name=None, log_plots=False, log_profile=False, log_data=False, silent=False, verbose=True, profile=False, profile_kwargs=None, display=None)
2022-02-17 17:45:23,086:INFO:Checking environment
2022-02-17 17:45:23,086:INFO:python_version: 3.7.11
2022-02-17 17:45:23,086:INFO:python_build: ('default', 'Jul 27 2021 07:03:16')
2022-02-17 17:45:23,086:INFO:machine: x86_64
2022-02-17 17:45:23,086:INFO:platform: Darwin-20.6.0-x86_64-i386-64bit
2022-02-17 17:45:23,086:WARNING:cannot find psutil installation. memory not traceable. Install psutil using pip to enable memory logging.
2022-02-17 17:45:23,086:INFO:Checking libraries
2022-02-17 17:45:23,086:INFO:pd==1.3.5
2022-02-17 17:45:23,086:INFO:numpy==1.21.2
2022-02-17 17:45:23,086:INFO:sklearn==1.0.2
2022-02-17 17:45:23,086:INFO:xgboost==1.5.1
2022-02-17 17:45:23,086:INFO:lightgbm==3.3.2
2022-02-17 17:45:23,086:INFO:catboost==1.0.4
2022-02-17 17:45:23,086:INFO:mlflow==1.23.1
2022-02-17 17:45:23,086:INFO:Checking Exceptions
2022-02-17 17:45:23,086:INFO:Declaring global variables
2022-02-17 17:45:23,086:INFO:USI: 322c
2022-02-17 17:45:23,086:INFO:pycaret_globals: {'logging_param', 'stratify_param', 'fix_imbalance_method_param', '_all_metrics', 'target_param', 'X_test', 'X', '_ml_usecase', 'display_container', 'iterative_imputation_iters_param', 'fold_groups_param', 'imputation_regressor', '_all_models_internal', 'USI', 'y', 'log_plots_param', 'y_test', '_all_models', 'prep_pipe', 'experiment__', '_available_plots', 'fold_shuffle_param', 'data_before_preprocess', 'fold_param', 'n_jobs_param', 'exp_name_log', '_internal_pipeline', 'gpu_param', 'imputation_classifier', 'html_param', 'X_train', 'master_model_container', 'transform_target_method_param', 'seed', 'create_model_container', 'transform_target_param', 'y_train', 'fix_imbalance_param', 'pycaret_globals', 'fold_generator', '_gpu_n_jobs_param'}
2022-02-17 17:45:23,086:INFO:Preparing display monitor
2022-02-17 17:45:23,086:INFO:Preparing display monitor
2022-02-17 17:45:23,094:INFO:Importing libraries
2022-02-17 17:45:23,094:INFO:Copying data for preprocessing
2022-02-17 17:45:23,099:INFO:Declaring preprocessing parameters
2022-02-17 17:45:23,101:INFO:Creating preprocessing pipeline
2022-02-17 17:45:23,112:INFO:Preprocessing pipeline created successfully
2022-02-17 17:45:23,112:ERROR:(Process Exit): setup has been interupted with user command 'quit'. setup must rerun.
2022-02-17 17:45:23,112:INFO:Creating global containers
2022-02-17 17:45:36,324:INFO:PyCaret Supervised Module
2022-02-17 17:45:36,325:INFO:ML Usecase: classification
2022-02-17 17:45:36,325:INFO:version 2.2.3
2022-02-17 17:45:36,325:INFO:Initializing setup()
2022-02-17 17:45:36,325:INFO:setup(target=Purchase, ml_usecase=classification, available_plots={'parameter': 'Hyperparameters', 'auc': 'AUC', 'confusion_matrix': 'Confusion Matrix', 'threshold': 'Threshold', 'pr': 'Precision Recall', 'error': 'Prediction Error', 'class_report': 'Class Report', 'rfe': 'Feature Selection', 'learning': 'Learning Curve', 'manifold': 'Manifold Learning', 'calibration': 'Calibration Curve', 'vc': 'Validation Curve', 'dimension': 'Dimensions', 'feature': 'Feature Importance', 'feature_all': 'Feature Importance (All)', 'boundary': 'Decision Boundary', 'lift': 'Lift Chart', 'gain': 'Gain Chart', 'tree': 'Decision Tree'}, train_size=0.7, test_data=None, preprocess=True, imputation_type=simple, iterative_imputation_iters=5, categorical_features=None, categorical_imputation=constant, categorical_iterative_imputer=lightgbm, ordinal_features=None, high_cardinality_features=None, high_cardinality_method=frequency, numeric_features=None, numeric_imputation=mean, numeric_iterative_imputer=lightgbm, date_features=None, ignore_features=None, normalize=False, normalize_method=zscore, transformation=False, transformation_method=yeo-johnson, handle_unknown_categorical=True, unknown_categorical_method=least_frequent, pca=False, pca_method=linear, pca_components=None, ignore_low_variance=False, combine_rare_levels=False, rare_level_threshold=0.1, bin_numeric_features=None, remove_outliers=False, outliers_threshold=0.05, remove_multicollinearity=False, multicollinearity_threshold=0.9, remove_perfect_collinearity=True, create_clusters=False, cluster_iter=20, polynomial_features=False, polynomial_degree=2, trigonometry_features=False, polynomial_threshold=0.1, group_features=None, group_names=None, feature_selection=False, feature_selection_threshold=0.8, feature_selection_method=classic, feature_interaction=False, feature_ratio=False, interaction_threshold=0.01, fix_imbalance=False, fix_imbalance_method=None, transform_target=False, transform_target_method=box-cox, data_split_shuffle=True, data_split_stratify=False, fold_strategy=stratifiedkfold, fold=10, fold_shuffle=False, fold_groups=None, n_jobs=-1, use_gpu=False, custom_pipeline=None, html=True, session_id=None, log_experiment=False, experiment_name=None, log_plots=False, log_profile=False, log_data=False, silent=False, verbose=True, profile=False, profile_kwargs=None, display=None)
2022-02-17 17:45:36,325:INFO:Checking environment
2022-02-17 17:45:36,325:INFO:python_version: 3.7.11
2022-02-17 17:45:36,325:INFO:python_build: ('default', 'Jul 27 2021 07:03:16')
2022-02-17 17:45:36,325:INFO:machine: x86_64
2022-02-17 17:45:36,325:INFO:platform: Darwin-20.6.0-x86_64-i386-64bit
2022-02-17 17:45:36,325:WARNING:cannot find psutil installation. memory not traceable. Install psutil using pip to enable memory logging.
2022-02-17 17:45:36,325:INFO:Checking libraries
2022-02-17 17:45:36,325:INFO:pd==1.3.5
2022-02-17 17:45:36,325:INFO:numpy==1.21.2
2022-02-17 17:45:36,325:INFO:sklearn==1.0.2
2022-02-17 17:45:36,325:INFO:xgboost==1.5.1
2022-02-17 17:45:36,325:INFO:lightgbm==3.3.2
2022-02-17 17:45:36,326:INFO:catboost==1.0.4
2022-02-17 17:45:36,326:INFO:mlflow==1.23.1
2022-02-17 17:45:36,326:INFO:Checking Exceptions
2022-02-17 17:45:36,326:INFO:Declaring global variables
2022-02-17 17:45:36,326:INFO:USI: 6592
2022-02-17 17:45:36,326:INFO:pycaret_globals: {'logging_param', 'stratify_param', 'fix_imbalance_method_param', '_all_metrics', 'target_param', 'X_test', 'X', '_ml_usecase', 'display_container', 'iterative_imputation_iters_param', 'fold_groups_param', 'imputation_regressor', '_all_models_internal', 'USI', 'y', 'log_plots_param', 'y_test', '_all_models', 'prep_pipe', 'experiment__', '_available_plots', 'fold_shuffle_param', 'data_before_preprocess', 'fold_param', 'n_jobs_param', 'exp_name_log', '_internal_pipeline', 'gpu_param', 'imputation_classifier', 'html_param', 'X_train', 'master_model_container', 'transform_target_method_param', 'seed', 'create_model_container', 'transform_target_param', 'y_train', 'fix_imbalance_param', 'pycaret_globals', 'fold_generator', '_gpu_n_jobs_param'}
2022-02-17 17:45:36,326:INFO:Preparing display monitor
2022-02-17 17:45:36,326:INFO:Preparing display monitor
2022-02-17 17:45:36,337:INFO:Importing libraries
2022-02-17 17:45:36,337:INFO:Copying data for preprocessing
2022-02-17 17:45:36,345:INFO:Declaring preprocessing parameters
2022-02-17 17:45:36,348:INFO:Creating preprocessing pipeline
2022-02-17 17:45:36,360:INFO:Preprocessing pipeline created successfully
2022-02-17 17:45:36,361:ERROR:(Process Exit): setup has been interupted with user command 'quit'. setup must rerun.
2022-02-17 17:45:36,361:INFO:Creating global containers
2022-02-17 17:46:44,345:INFO:PyCaret Supervised Module
2022-02-17 17:46:44,346:INFO:ML Usecase: classification
2022-02-17 17:46:44,346:INFO:version 2.2.3
2022-02-17 17:46:44,346:INFO:Initializing setup()
2022-02-17 17:46:44,346:INFO:setup(target=rain_tomorrow, ml_usecase=classification, available_plots={'parameter': 'Hyperparameters', 'auc': 'AUC', 'confusion_matrix': 'Confusion Matrix', 'threshold': 'Threshold', 'pr': 'Precision Recall', 'error': 'Prediction Error', 'class_report': 'Class Report', 'rfe': 'Feature Selection', 'learning': 'Learning Curve', 'manifold': 'Manifold Learning', 'calibration': 'Calibration Curve', 'vc': 'Validation Curve', 'dimension': 'Dimensions', 'feature': 'Feature Importance', 'feature_all': 'Feature Importance (All)', 'boundary': 'Decision Boundary', 'lift': 'Lift Chart', 'gain': 'Gain Chart', 'tree': 'Decision Tree'}, train_size=0.7, test_data=None, preprocess=True, imputation_type=simple, iterative_imputation_iters=5, categorical_features=None, categorical_imputation=constant, categorical_iterative_imputer=lightgbm, ordinal_features=None, high_cardinality_features=None, high_cardinality_method=frequency, numeric_features=None, numeric_imputation=mean, numeric_iterative_imputer=lightgbm, date_features=None, ignore_features=None, normalize=False, normalize_method=zscore, transformation=False, transformation_method=yeo-johnson, handle_unknown_categorical=True, unknown_categorical_method=least_frequent, pca=False, pca_method=linear, pca_components=None, ignore_low_variance=False, combine_rare_levels=False, rare_level_threshold=0.1, bin_numeric_features=None, remove_outliers=False, outliers_threshold=0.05, remove_multicollinearity=False, multicollinearity_threshold=0.9, remove_perfect_collinearity=True, create_clusters=False, cluster_iter=20, polynomial_features=False, polynomial_degree=2, trigonometry_features=False, polynomial_threshold=0.1, group_features=None, group_names=None, feature_selection=False, feature_selection_threshold=0.8, feature_selection_method=classic, feature_interaction=False, feature_ratio=False, interaction_threshold=0.01, fix_imbalance=False, fix_imbalance_method=None, transform_target=False, transform_target_method=box-cox, data_split_shuffle=True, data_split_stratify=False, fold_strategy=stratifiedkfold, fold=10, fold_shuffle=True, fold_groups=None, n_jobs=-1, use_gpu=False, custom_pipeline=None, html=True, session_id=2, log_experiment=False, experiment_name=None, log_plots=False, log_profile=False, log_data=False, silent=False, verbose=True, profile=False, profile_kwargs=None, display=None)
2022-02-17 17:46:44,346:INFO:Checking environment
2022-02-17 17:46:44,346:INFO:python_version: 3.7.11
2022-02-17 17:46:44,346:INFO:python_build: ('default', 'Jul 27 2021 07:03:16')
2022-02-17 17:46:44,346:INFO:machine: x86_64
2022-02-17 17:46:44,346:INFO:platform: Darwin-20.6.0-x86_64-i386-64bit
2022-02-17 17:46:44,347:WARNING:cannot find psutil installation. memory not traceable. Install psutil using pip to enable memory logging.
2022-02-17 17:46:44,347:INFO:Checking libraries
2022-02-17 17:46:44,347:INFO:pd==1.3.5
2022-02-17 17:46:44,347:INFO:numpy==1.21.2
2022-02-17 17:46:44,347:INFO:sklearn==1.0.2
2022-02-17 17:46:44,347:INFO:xgboost==1.5.1
2022-02-17 17:46:44,347:INFO:lightgbm==3.3.2
2022-02-17 17:46:44,347:INFO:catboost==1.0.4
2022-02-17 17:46:44,347:INFO:mlflow==1.23.1
2022-02-17 17:46:44,347:INFO:Checking Exceptions
2022-02-17 17:46:44,347:INFO:Declaring global variables
2022-02-17 17:46:44,347:INFO:USI: 1972
2022-02-17 17:46:44,347:INFO:pycaret_globals: {'logging_param', 'stratify_param', 'fix_imbalance_method_param', '_all_metrics', 'target_param', 'X_test', 'X', '_ml_usecase', 'display_container', 'iterative_imputation_iters_param', 'fold_groups_param', 'imputation_regressor', '_all_models_internal', 'USI', 'y', 'log_plots_param', 'y_test', '_all_models', 'prep_pipe', 'experiment__', '_available_plots', 'fold_shuffle_param', 'data_before_preprocess', 'fold_param', 'n_jobs_param', 'exp_name_log', '_internal_pipeline', 'gpu_param', 'imputation_classifier', 'html_param', 'X_train', 'master_model_container', 'transform_target_method_param', 'seed', 'create_model_container', 'transform_target_param', 'y_train', 'fix_imbalance_param', 'pycaret_globals', 'fold_generator', '_gpu_n_jobs_param'}
2022-02-17 17:46:44,347:INFO:Preparing display monitor
2022-02-17 17:46:44,347:INFO:Preparing display monitor
2022-02-17 17:46:44,356:INFO:Importing libraries
2022-02-17 17:46:44,357:INFO:Copying data for preprocessing
2022-02-17 17:46:44,364:INFO:Declaring preprocessing parameters
2022-02-17 17:46:44,366:INFO:Creating preprocessing pipeline
2022-02-17 17:46:44,376:INFO:Preprocessing pipeline created successfully
2022-02-17 17:46:44,377:ERROR:(Process Exit): setup has been interupted with user command 'quit'. setup must rerun.
2022-02-17 17:46:44,377:INFO:Creating global containers
2022-02-17 17:46:44,380:INFO:Internal pipeline: Pipeline(memory=None, steps=[('empty_step', 'passthrough')], verbose=False)
2022-02-17 17:47:23,933:INFO:Creating grid variables
2022-02-17 17:47:23,941:INFO:create_model_container: 0
2022-02-17 17:47:23,941:INFO:master_model_container: 0
2022-02-17 17:47:23,941:INFO:display_container: 1
2022-02-17 17:47:35,918:INFO:PyCaret Supervised Module
2022-02-17 17:47:35,918:INFO:ML Usecase: classification
2022-02-17 17:47:35,919:INFO:version 2.2.3
2022-02-17 17:47:35,919:INFO:Initializing setup()
2022-02-17 17:47:35,919:INFO:setup(target=rain_tomorrow, ml_usecase=classification, available_plots={'parameter': 'Hyperparameters', 'auc': 'AUC', 'confusion_matrix': 'Confusion Matrix', 'threshold': 'Threshold', 'pr': 'Precision Recall', 'error': 'Prediction Error', 'class_report': 'Class Report', 'rfe': 'Feature Selection', 'learning': 'Learning Curve', 'manifold': 'Manifold Learning', 'calibration': 'Calibration Curve', 'vc': 'Validation Curve', 'dimension': 'Dimensions', 'feature': 'Feature Importance', 'feature_all': 'Feature Importance (All)', 'boundary': 'Decision Boundary', 'lift': 'Lift Chart', 'gain': 'Gain Chart', 'tree': 'Decision Tree'}, train_size=0.7, test_data=None, preprocess=True, imputation_type=simple, iterative_imputation_iters=5, categorical_features=None, categorical_imputation=constant, categorical_iterative_imputer=lightgbm, ordinal_features=None, high_cardinality_features=None, high_cardinality_method=frequency, numeric_features=None, numeric_imputation=mean, numeric_iterative_imputer=lightgbm, date_features=None, ignore_features=None, normalize=False, normalize_method=zscore, transformation=False, transformation_method=yeo-johnson, handle_unknown_categorical=True, unknown_categorical_method=least_frequent, pca=False, pca_method=linear, pca_components=None, ignore_low_variance=False, combine_rare_levels=False, rare_level_threshold=0.1, bin_numeric_features=None, remove_outliers=False, outliers_threshold=0.05, remove_multicollinearity=False, multicollinearity_threshold=0.9, remove_perfect_collinearity=True, create_clusters=False, cluster_iter=20, polynomial_features=False, polynomial_degree=2, trigonometry_features=False, polynomial_threshold=0.1, group_features=None, group_names=None, feature_selection=False, feature_selection_threshold=0.8, feature_selection_method=classic, feature_interaction=False, feature_ratio=False, interaction_threshold=0.01, fix_imbalance=False, fix_imbalance_method=None, transform_target=False, transform_target_method=box-cox, data_split_shuffle=True, data_split_stratify=False, fold_strategy=stratifiedkfold, fold=10, fold_shuffle=True, fold_groups=None, n_jobs=-1, use_gpu=False, custom_pipeline=None, html=True, session_id=2, log_experiment=False, experiment_name=None, log_plots=False, log_profile=False, log_data=False, silent=False, verbose=True, profile=False, profile_kwargs=None, display=None)
2022-02-17 17:47:35,919:INFO:Checking environment
2022-02-17 17:47:35,919:INFO:python_version: 3.7.11
2022-02-17 17:47:35,919:INFO:python_build: ('default', 'Jul 27 2021 07:03:16')
2022-02-17 17:47:35,919:INFO:machine: x86_64
2022-02-17 17:47:35,919:INFO:platform: Darwin-20.6.0-x86_64-i386-64bit
2022-02-17 17:47:35,920:WARNING:cannot find psutil installation. memory not traceable. Install psutil using pip to enable memory logging.
2022-02-17 17:47:35,920:INFO:Checking libraries
2022-02-17 17:47:35,920:INFO:pd==1.3.5
2022-02-17 17:47:35,920:INFO:numpy==1.21.2
2022-02-17 17:47:35,920:INFO:sklearn==1.0.2
2022-02-17 17:47:35,920:INFO:xgboost==1.5.1
2022-02-17 17:47:35,920:INFO:lightgbm==3.3.2
2022-02-17 17:47:35,920:INFO:catboost==1.0.4
2022-02-17 17:47:35,920:INFO:mlflow==1.23.1
2022-02-17 17:47:35,921:INFO:Checking Exceptions
2022-02-17 17:47:35,921:INFO:Declaring global variables
2022-02-17 17:47:35,921:INFO:USI: 0e41
2022-02-17 17:47:35,921:INFO:pycaret_globals: {'logging_param', 'stratify_param', 'fix_imbalance_method_param', '_all_metrics', 'target_param', 'X_test', 'X', '_ml_usecase', 'display_container', 'iterative_imputation_iters_param', 'fold_groups_param', 'imputation_regressor', '_all_models_internal', 'USI', 'y', 'log_plots_param', 'y_test', '_all_models', 'prep_pipe', 'experiment__', '_available_plots', 'fold_shuffle_param', 'data_before_preprocess', 'fold_param', 'n_jobs_param', 'exp_name_log', '_internal_pipeline', 'gpu_param', 'imputation_classifier', 'html_param', 'X_train', 'master_model_container', 'transform_target_method_param', 'seed', 'create_model_container', 'transform_target_param', 'y_train', 'fix_imbalance_param', 'pycaret_globals', 'fold_generator', '_gpu_n_jobs_param'}
2022-02-17 17:47:35,921:INFO:Preparing display monitor
2022-02-17 17:47:35,921:INFO:Preparing display monitor
2022-02-17 17:47:35,932:INFO:Importing libraries
2022-02-17 17:47:35,932:INFO:Copying data for preprocessing
2022-02-17 17:47:35,942:INFO:Declaring preprocessing parameters
2022-02-17 17:47:35,944:INFO:Creating preprocessing pipeline
2022-02-17 17:47:35,958:INFO:Preprocessing pipeline created successfully
2022-02-17 17:47:35,959:ERROR:(Process Exit): setup has been interupted with user command 'quit'. setup must rerun.
2022-02-17 17:47:35,959:INFO:Creating global containers
2022-02-17 17:47:35,959:INFO:Internal pipeline: Pipeline(memory=None, steps=[('empty_step', 'passthrough')], verbose=False)
2022-02-17 17:47:44,826:INFO:Creating grid variables
2022-02-17 17:47:44,834:INFO:create_model_container: 0
2022-02-17 17:47:44,835:INFO:master_model_container: 0
2022-02-17 17:47:44,835:INFO:display_container: 1
2022-02-17 17:50:07,024:INFO:PyCaret Supervised Module
2022-02-17 17:50:07,025:INFO:ML Usecase: classification
2022-02-17 17:50:07,025:INFO:version 2.2.3
2022-02-17 17:50:07,025:INFO:Initializing setup()
2022-02-17 17:50:07,026:INFO:setup(target=rain_tomorrow, ml_usecase=classification, available_plots={'parameter': 'Hyperparameters', 'auc': 'AUC', 'confusion_matrix': 'Confusion Matrix', 'threshold': 'Threshold', 'pr': 'Precision Recall', 'error': 'Prediction Error', 'class_report': 'Class Report', 'rfe': 'Feature Selection', 'learning': 'Learning Curve', 'manifold': 'Manifold Learning', 'calibration': 'Calibration Curve', 'vc': 'Validation Curve', 'dimension': 'Dimensions', 'feature': 'Feature Importance', 'feature_all': 'Feature Importance (All)', 'boundary': 'Decision Boundary', 'lift': 'Lift Chart', 'gain': 'Gain Chart', 'tree': 'Decision Tree'}, train_size=0.7, test_data=None, preprocess=True, imputation_type=simple, iterative_imputation_iters=5, categorical_features=None, categorical_imputation=constant, categorical_iterative_imputer=lightgbm, ordinal_features=None, high_cardinality_features=None, high_cardinality_method=frequency, numeric_features=['tmed', 'prec', 'tmin', 'tmax', 'dir', 'velmedia', 'racha', 'sol', 'presmax', 'presmin', 'year', 'month', 'day', 'rain_today', 'horatmin_', 'horatmax_', 'horaracha_', 'horapresmin_'], numeric_imputation=mean, numeric_iterative_imputer=lightgbm, date_features=None, ignore_features=None, normalize=False, normalize_method=zscore, transformation=False, transformation_method=yeo-johnson, handle_unknown_categorical=True, unknown_categorical_method=least_frequent, pca=False, pca_method=linear, pca_components=None, ignore_low_variance=False, combine_rare_levels=False, rare_level_threshold=0.1, bin_numeric_features=None, remove_outliers=False, outliers_threshold=0.05, remove_multicollinearity=False, multicollinearity_threshold=0.9, remove_perfect_collinearity=True, create_clusters=False, cluster_iter=20, polynomial_features=False, polynomial_degree=2, trigonometry_features=False, polynomial_threshold=0.1, group_features=None, group_names=None, feature_selection=False, feature_selection_threshold=0.8, feature_selection_method=classic, feature_interaction=False, feature_ratio=False, interaction_threshold=0.01, fix_imbalance=False, fix_imbalance_method=None, transform_target=False, transform_target_method=box-cox, data_split_shuffle=True, data_split_stratify=False, fold_strategy=stratifiedkfold, fold=10, fold_shuffle=True, fold_groups=None, n_jobs=-1, use_gpu=False, custom_pipeline=None, html=True, session_id=42, log_experiment=False, experiment_name=None, log_plots=False, log_profile=False, log_data=False, silent=False, verbose=True, profile=False, profile_kwargs=None, display=None)
2022-02-17 17:50:07,026:INFO:Checking environment
2022-02-17 17:50:07,026:INFO:python_version: 3.7.11
2022-02-17 17:50:07,026:INFO:python_build: ('default', 'Jul 27 2021 07:03:16')
2022-02-17 17:50:07,026:INFO:machine: x86_64
2022-02-17 17:50:07,026:INFO:platform: Darwin-20.6.0-x86_64-i386-64bit
2022-02-17 17:50:07,026:WARNING:cannot find psutil installation. memory not traceable. Install psutil using pip to enable memory logging.
2022-02-17 17:50:07,026:INFO:Checking libraries
2022-02-17 17:50:07,026:INFO:pd==1.3.5
2022-02-17 17:50:07,026:INFO:numpy==1.21.2
2022-02-17 17:50:07,027:INFO:sklearn==1.0.2
2022-02-17 17:50:07,027:INFO:xgboost==1.5.1
2022-02-17 17:50:07,027:INFO:lightgbm==3.3.2
2022-02-17 17:50:07,027:INFO:catboost==1.0.4
2022-02-17 17:50:07,027:INFO:mlflow==1.23.1
2022-02-17 17:50:07,027:INFO:Checking Exceptions
2022-02-17 17:50:07,027:INFO:Declaring global variables
2022-02-17 17:50:07,027:INFO:USI: 77e8
2022-02-17 17:50:07,027:INFO:pycaret_globals: {'logging_param', 'stratify_param', 'fix_imbalance_method_param', '_all_metrics', 'target_param', 'X_test', 'X', '_ml_usecase', 'display_container', 'iterative_imputation_iters_param', 'fold_groups_param', 'imputation_regressor', '_all_models_internal', 'USI', 'y', 'log_plots_param', 'y_test', '_all_models', 'prep_pipe', 'experiment__', '_available_plots', 'fold_shuffle_param', 'data_before_preprocess', 'fold_param', 'n_jobs_param', 'exp_name_log', '_internal_pipeline', 'gpu_param', 'imputation_classifier', 'html_param', 'X_train', 'master_model_container', 'transform_target_method_param', 'seed', 'create_model_container', 'transform_target_param', 'y_train', 'fix_imbalance_param', 'pycaret_globals', 'fold_generator', '_gpu_n_jobs_param'}
2022-02-17 17:50:07,027:INFO:Preparing display monitor
2022-02-17 17:50:07,027:INFO:Preparing display monitor
2022-02-17 17:50:07,037:INFO:Importing libraries
2022-02-17 17:50:07,037:INFO:Copying data for preprocessing
2022-02-17 17:50:07,045:INFO:Declaring preprocessing parameters
2022-02-17 17:50:07,046:INFO:Creating preprocessing pipeline
2022-02-17 17:50:07,049:INFO:Preprocessing pipeline created successfully
2022-02-17 17:50:07,049:ERROR:(Process Exit): setup has been interupted with user command 'quit'. setup must rerun.
2022-02-17 17:50:07,049:INFO:Creating global containers
2022-02-17 17:50:07,049:INFO:Internal pipeline: Pipeline(memory=None, steps=[('empty_step', 'passthrough')], verbose=False)
2022-02-17 17:50:13,647:INFO:Creating grid variables
2022-02-17 17:50:13,654:INFO:create_model_container: 0
2022-02-17 17:50:13,655:INFO:master_model_container: 0
2022-02-17 17:50:13,655:INFO:display_container: 1
2022-02-17 17:51:13,273:INFO:PyCaret Supervised Module
2022-02-17 17:51:13,274:INFO:ML Usecase: classification
2022-02-17 17:51:13,275:INFO:version 2.2.3
2022-02-17 17:51:13,275:INFO:Initializing setup()
2022-02-17 17:51:13,275:INFO:setup(target=rain_tomorrow, ml_usecase=classification, available_plots={'parameter': 'Hyperparameters', 'auc': 'AUC', 'confusion_matrix': 'Confusion Matrix', 'threshold': 'Threshold', 'pr': 'Precision Recall', 'error': 'Prediction Error', 'class_report': 'Class Report', 'rfe': 'Feature Selection', 'learning': 'Learning Curve', 'manifold': 'Manifold Learning', 'calibration': 'Calibration Curve', 'vc': 'Validation Curve', 'dimension': 'Dimensions', 'feature': 'Feature Importance', 'feature_all': 'Feature Importance (All)', 'boundary': 'Decision Boundary', 'lift': 'Lift Chart', 'gain': 'Gain Chart', 'tree': 'Decision Tree'}, train_size=0.7, test_data=None, preprocess=True, imputation_type=simple, iterative_imputation_iters=5, categorical_features=None, categorical_imputation=constant, categorical_iterative_imputer=lightgbm, ordinal_features=None, high_cardinality_features=None, high_cardinality_method=frequency, numeric_features=['tmed', 'prec', 'tmin', 'tmax', 'dir', 'velmedia', 'racha', 'sol', 'presmax', 'presmin', 'year', 'month', 'day', 'rain_today', 'rain_tomorrow', 'horatmin_', 'horatmax_', 'horaracha_', 'horapresmin_'], numeric_imputation=mean, numeric_iterative_imputer=lightgbm, date_features=None, ignore_features=None, normalize=False, normalize_method=zscore, transformation=False, transformation_method=yeo-johnson, handle_unknown_categorical=True, unknown_categorical_method=least_frequent, pca=False, pca_method=linear, pca_components=None, ignore_low_variance=False, combine_rare_levels=False, rare_level_threshold=0.1, bin_numeric_features=None, remove_outliers=False, outliers_threshold=0.05, remove_multicollinearity=False, multicollinearity_threshold=0.9, remove_perfect_collinearity=True, create_clusters=False, cluster_iter=20, polynomial_features=False, polynomial_degree=2, trigonometry_features=False, polynomial_threshold=0.1, group_features=None, group_names=None, feature_selection=False, feature_selection_threshold=0.8, feature_selection_method=classic, feature_interaction=False, feature_ratio=False, interaction_threshold=0.01, fix_imbalance=False, fix_imbalance_method=None, transform_target=False, transform_target_method=box-cox, data_split_shuffle=True, data_split_stratify=False, fold_strategy=stratifiedkfold, fold=10, fold_shuffle=True, fold_groups=None, n_jobs=-1, use_gpu=False, custom_pipeline=None, html=True, session_id=42, log_experiment=False, experiment_name=None, log_plots=False, log_profile=False, log_data=False, silent=False, verbose=True, profile=False, profile_kwargs=None, display=None)
2022-02-17 17:51:13,275:INFO:Checking environment
2022-02-17 17:51:13,275:INFO:python_version: 3.7.11
2022-02-17 17:51:13,275:INFO:python_build: ('default', 'Jul 27 2021 07:03:16')
2022-02-17 17:51:13,276:INFO:machine: x86_64
2022-02-17 17:51:13,276:INFO:platform: Darwin-20.6.0-x86_64-i386-64bit
2022-02-17 17:51:13,277:WARNING:cannot find psutil installation. memory not traceable. Install psutil using pip to enable memory logging.
2022-02-17 17:51:13,277:INFO:Checking libraries
2022-02-17 17:51:13,277:INFO:pd==1.3.5
2022-02-17 17:51:13,277:INFO:numpy==1.21.2
2022-02-17 17:51:13,277:INFO:sklearn==1.0.2
2022-02-17 17:51:13,277:INFO:xgboost==1.5.1
2022-02-17 17:51:13,277:INFO:lightgbm==3.3.2
2022-02-17 17:51:13,278:INFO:catboost==1.0.4
2022-02-17 17:51:13,278:INFO:mlflow==1.23.1
2022-02-17 17:51:13,278:INFO:Checking Exceptions
2022-02-17 17:51:42,385:INFO:PyCaret Supervised Module
2022-02-17 17:51:42,386:INFO:ML Usecase: classification
2022-02-17 17:51:42,386:INFO:version 2.2.3
2022-02-17 17:51:42,386:INFO:Initializing setup()
2022-02-17 17:51:42,386:INFO:setup(target=rain_tomorrow, ml_usecase=classification, available_plots={'parameter': 'Hyperparameters', 'auc': 'AUC', 'confusion_matrix': 'Confusion Matrix', 'threshold': 'Threshold', 'pr': 'Precision Recall', 'error': 'Prediction Error', 'class_report': 'Class Report', 'rfe': 'Feature Selection', 'learning': 'Learning Curve', 'manifold': 'Manifold Learning', 'calibration': 'Calibration Curve', 'vc': 'Validation Curve', 'dimension': 'Dimensions', 'feature': 'Feature Importance', 'feature_all': 'Feature Importance (All)', 'boundary': 'Decision Boundary', 'lift': 'Lift Chart', 'gain': 'Gain Chart', 'tree': 'Decision Tree'}, train_size=0.7, test_data=None, preprocess=True, imputation_type=simple, iterative_imputation_iters=5, categorical_features=None, categorical_imputation=constant, categorical_iterative_imputer=lightgbm, ordinal_features=None, high_cardinality_features=None, high_cardinality_method=frequency, numeric_features=['tmed', 'prec', 'tmin', 'tmax', 'dir', 'velmedia', 'racha', 'sol', 'presmax', 'presmin', 'year', 'month', 'day', 'rain_today', 'horatmin_', 'horatmax_', 'horaracha_', 'horapresmin_'], numeric_imputation=mean, numeric_iterative_imputer=lightgbm, date_features=None, ignore_features=None, normalize=False, normalize_method=zscore, transformation=False, transformation_method=yeo-johnson, handle_unknown_categorical=True, unknown_categorical_method=least_frequent, pca=False, pca_method=linear, pca_components=None, ignore_low_variance=False, combine_rare_levels=False, rare_level_threshold=0.1, bin_numeric_features=None, remove_outliers=False, outliers_threshold=0.05, remove_multicollinearity=False, multicollinearity_threshold=0.9, remove_perfect_collinearity=True, create_clusters=False, cluster_iter=20, polynomial_features=False, polynomial_degree=2, trigonometry_features=False, polynomial_threshold=0.1, group_features=None, group_names=None, feature_selection=False, feature_selection_threshold=0.8, feature_selection_method=classic, feature_interaction=False, feature_ratio=False, interaction_threshold=0.01, fix_imbalance=False, fix_imbalance_method=None, transform_target=False, transform_target_method=box-cox, data_split_shuffle=True, data_split_stratify=False, fold_strategy=stratifiedkfold, fold=10, fold_shuffle=True, fold_groups=None, n_jobs=-1, use_gpu=False, custom_pipeline=None, html=True, session_id=42, log_experiment=False, experiment_name=None, log_plots=False, log_profile=False, log_data=False, silent=False, verbose=True, profile=False, profile_kwargs=None, display=None)
2022-02-17 17:51:42,386:INFO:Checking environment
2022-02-17 17:51:42,386:INFO:python_version: 3.7.11
2022-02-17 17:51:42,387:INFO:python_build: ('default', 'Jul 27 2021 07:03:16')
2022-02-17 17:51:42,387:INFO:machine: x86_64
2022-02-17 17:51:42,387:INFO:platform: Darwin-20.6.0-x86_64-i386-64bit
2022-02-17 17:51:42,388:WARNING:cannot find psutil installation. memory not traceable. Install psutil using pip to enable memory logging.
2022-02-17 17:51:42,388:INFO:Checking libraries
2022-02-17 17:51:42,388:INFO:pd==1.3.5
2022-02-17 17:51:42,388:INFO:numpy==1.21.2
2022-02-17 17:51:42,388:INFO:sklearn==1.0.2
2022-02-17 17:51:42,388:INFO:xgboost==1.5.1
2022-02-17 17:51:42,388:INFO:lightgbm==3.3.2
2022-02-17 17:51:42,388:INFO:catboost==1.0.4
2022-02-17 17:51:42,389:INFO:mlflow==1.23.1
2022-02-17 17:51:42,389:INFO:Checking Exceptions
2022-02-17 17:51:42,389:INFO:Declaring global variables
2022-02-17 17:51:42,389:INFO:USI: 03c1
2022-02-17 17:51:42,389:INFO:pycaret_globals: {'logging_param', 'stratify_param', 'fix_imbalance_method_param', '_all_metrics', 'target_param', 'X_test', 'X', '_ml_usecase', 'display_container', 'iterative_imputation_iters_param', 'fold_groups_param', 'imputation_regressor', '_all_models_internal', 'USI', 'y', 'log_plots_param', 'y_test', '_all_models', 'prep_pipe', 'experiment__', '_available_plots', 'fold_shuffle_param', 'data_before_preprocess', 'fold_param', 'n_jobs_param', 'exp_name_log', '_internal_pipeline', 'gpu_param', 'imputation_classifier', 'html_param', 'X_train', 'master_model_container', 'transform_target_method_param', 'seed', 'create_model_container', 'transform_target_param', 'y_train', 'fix_imbalance_param', 'pycaret_globals', 'fold_generator', '_gpu_n_jobs_param'}
2022-02-17 17:51:42,389:INFO:Preparing display monitor
2022-02-17 17:51:42,389:INFO:Preparing display monitor
2022-02-17 17:51:42,405:INFO:Importing libraries
2022-02-17 17:51:42,405:INFO:Copying data for preprocessing
2022-02-17 17:51:42,415:INFO:Declaring preprocessing parameters
2022-02-17 17:51:42,417:INFO:Creating preprocessing pipeline
2022-02-17 17:51:42,420:INFO:Preprocessing pipeline created successfully
2022-02-17 17:51:42,420:ERROR:(Process Exit): setup has been interupted with user command 'quit'. setup must rerun.
2022-02-17 17:51:42,420:INFO:Creating global containers
2022-02-17 17:51:42,421:INFO:Internal pipeline: Pipeline(memory=None, steps=[('empty_step', 'passthrough')], verbose=False)
2022-02-17 17:52:45,649:INFO:PyCaret Supervised Module
2022-02-17 17:52:45,651:INFO:ML Usecase: classification
2022-02-17 17:52:45,651:INFO:version 2.2.3
2022-02-17 17:52:45,651:INFO:Initializing setup()
2022-02-17 17:52:45,651:INFO:setup(target=rain_tomorrow, ml_usecase=classification, available_plots={'parameter': 'Hyperparameters', 'auc': 'AUC', 'confusion_matrix': 'Confusion Matrix', 'threshold': 'Threshold', 'pr': 'Precision Recall', 'error': 'Prediction Error', 'class_report': 'Class Report', 'rfe': 'Feature Selection', 'learning': 'Learning Curve', 'manifold': 'Manifold Learning', 'calibration': 'Calibration Curve', 'vc': 'Validation Curve', 'dimension': 'Dimensions', 'feature': 'Feature Importance', 'feature_all': 'Feature Importance (All)', 'boundary': 'Decision Boundary', 'lift': 'Lift Chart', 'gain': 'Gain Chart', 'tree': 'Decision Tree'}, train_size=0.7, test_data=None, preprocess=True, imputation_type=simple, iterative_imputation_iters=5, categorical_features=None, categorical_imputation=constant, categorical_iterative_imputer=lightgbm, ordinal_features=None, high_cardinality_features=None, high_cardinality_method=frequency, numeric_features=['tmed', 'prec', 'tmin', 'tmax', 'dir', 'velmedia', 'racha', 'sol', 'presmax', 'presmin', 'year', 'month', 'day', 'rain_today', 'horatmin_', 'horatmax_', 'horaracha_', 'horapresmin_'], numeric_imputation=mean, numeric_iterative_imputer=lightgbm, date_features=None, ignore_features=None, normalize=False, normalize_method=zscore, transformation=False, transformation_method=yeo-johnson, handle_unknown_categorical=True, unknown_categorical_method=least_frequent, pca=False, pca_method=linear, pca_components=None, ignore_low_variance=False, combine_rare_levels=False, rare_level_threshold=0.1, bin_numeric_features=None, remove_outliers=False, outliers_threshold=0.05, remove_multicollinearity=False, multicollinearity_threshold=0.9, remove_perfect_collinearity=True, create_clusters=False, cluster_iter=20, polynomial_features=False, polynomial_degree=2, trigonometry_features=False, polynomial_threshold=0.1, group_features=None, group_names=None, feature_selection=False, feature_selection_threshold=0.8, feature_selection_method=classic, feature_interaction=False, feature_ratio=False, interaction_threshold=0.01, fix_imbalance=False, fix_imbalance_method=None, transform_target=False, transform_target_method=box-cox, data_split_shuffle=True, data_split_stratify=False, fold_strategy=stratifiedkfold, fold=10, fold_shuffle=True, fold_groups=None, n_jobs=-1, use_gpu=False, custom_pipeline=None, html=True, session_id=42, log_experiment=False, experiment_name=None, log_plots=False, log_profile=False, log_data=False, silent=False, verbose=True, profile=False, profile_kwargs=None, display=None)
2022-02-17 17:52:45,651:INFO:Checking environment
2022-02-17 17:52:45,651:INFO:python_version: 3.7.11
2022-02-17 17:52:45,651:INFO:python_build: ('default', 'Jul 27 2021 07:03:16')
2022-02-17 17:52:45,651:INFO:machine: x86_64
2022-02-17 17:52:45,651:INFO:platform: Darwin-20.6.0-x86_64-i386-64bit
2022-02-17 17:52:45,652:WARNING:cannot find psutil installation. memory not traceable. Install psutil using pip to enable memory logging.
2022-02-17 17:52:45,652:INFO:Checking libraries
2022-02-17 17:52:45,652:INFO:pd==1.3.5
2022-02-17 17:52:45,652:INFO:numpy==1.21.2
2022-02-17 17:52:45,652:INFO:sklearn==1.0.2
2022-02-17 17:52:45,652:INFO:xgboost==1.5.1
2022-02-17 17:52:45,652:INFO:lightgbm==3.3.2
2022-02-17 17:52:45,652:INFO:catboost==1.0.4
2022-02-17 17:52:45,653:INFO:mlflow==1.23.1
2022-02-17 17:52:45,653:INFO:Checking Exceptions
2022-02-17 17:52:45,653:INFO:Declaring global variables
2022-02-17 17:52:45,653:INFO:USI: 8bf6
2022-02-17 17:52:45,653:INFO:pycaret_globals: {'logging_param', 'stratify_param', 'fix_imbalance_method_param', '_all_metrics', 'target_param', 'X_test', 'X', '_ml_usecase', 'display_container', 'iterative_imputation_iters_param', 'fold_groups_param', 'imputation_regressor', '_all_models_internal', 'USI', 'y', 'log_plots_param', 'y_test', '_all_models', 'prep_pipe', 'experiment__', '_available_plots', 'fold_shuffle_param', 'data_before_preprocess', 'fold_param', 'n_jobs_param', 'exp_name_log', '_internal_pipeline', 'gpu_param', 'imputation_classifier', 'html_param', 'X_train', 'master_model_container', 'transform_target_method_param', 'seed', 'create_model_container', 'transform_target_param', 'y_train', 'fix_imbalance_param', 'pycaret_globals', 'fold_generator', '_gpu_n_jobs_param'}
2022-02-17 17:52:45,653:INFO:Preparing display monitor
2022-02-17 17:52:45,653:INFO:Preparing display monitor
2022-02-17 17:52:45,664:INFO:Importing libraries
2022-02-17 17:52:45,664:INFO:Copying data for preprocessing
2022-02-17 17:52:45,672:INFO:Declaring preprocessing parameters
2022-02-17 17:52:45,674:INFO:Creating preprocessing pipeline
2022-02-17 17:52:45,677:INFO:Preprocessing pipeline created successfully
2022-02-17 17:52:45,677:ERROR:(Process Exit): setup has been interupted with user command 'quit'. setup must rerun.
2022-02-17 17:52:45,677:INFO:Creating global containers
2022-02-17 17:52:45,678:INFO:Internal pipeline: Pipeline(memory=None, steps=[('empty_step', 'passthrough')], verbose=False)
2022-02-17 17:52:48,970:INFO:Creating grid variables
2022-02-17 17:52:48,978:INFO:create_model_container: 0
2022-02-17 17:52:48,978:INFO:master_model_container: 0
2022-02-17 17:52:48,979:INFO:display_container: 1
2022-02-17 17:56:19,510:INFO:PyCaret Supervised Module
2022-02-17 17:56:19,511:INFO:ML Usecase: classification
2022-02-17 17:56:19,511:INFO:version 2.2.3
2022-02-17 17:56:19,511:INFO:Initializing setup()
2022-02-17 17:56:19,511:INFO:setup(target=rain_tomorrow, ml_usecase=classification, available_plots={'parameter': 'Hyperparameters', 'auc': 'AUC', 'confusion_matrix': 'Confusion Matrix', 'threshold': 'Threshold', 'pr': 'Precision Recall', 'error': 'Prediction Error', 'class_report': 'Class Report', 'rfe': 'Feature Selection', 'learning': 'Learning Curve', 'manifold': 'Manifold Learning', 'calibration': 'Calibration Curve', 'vc': 'Validation Curve', 'dimension': 'Dimensions', 'feature': 'Feature Importance', 'feature_all': 'Feature Importance (All)', 'boundary': 'Decision Boundary', 'lift': 'Lift Chart', 'gain': 'Gain Chart', 'tree': 'Decision Tree'}, train_size=0.7, test_data=None, preprocess=True, imputation_type=simple, iterative_imputation_iters=5, categorical_features=None, categorical_imputation=constant, categorical_iterative_imputer=lightgbm, ordinal_features=None, high_cardinality_features=None, high_cardinality_method=frequency, numeric_features=['tmed', 'prec', 'tmin', 'tmax', 'dir', 'velmedia', 'racha', 'sol', 'presmax', 'presmin', 'year', 'month', 'day', 'rain_today', 'horatmin_', 'horatmax_', 'horaracha_', 'horapresmin_'], numeric_imputation=mean, numeric_iterative_imputer=lightgbm, date_features=None, ignore_features=None, normalize=False, normalize_method=zscore, transformation=False, transformation_method=yeo-johnson, handle_unknown_categorical=True, unknown_categorical_method=least_frequent, pca=False, pca_method=linear, pca_components=None, ignore_low_variance=False, combine_rare_levels=False, rare_level_threshold=0.1, bin_numeric_features=None, remove_outliers=False, outliers_threshold=0.05, remove_multicollinearity=False, multicollinearity_threshold=0.9, remove_perfect_collinearity=True, create_clusters=False, cluster_iter=20, polynomial_features=False, polynomial_degree=2, trigonometry_features=False, polynomial_threshold=0.1, group_features=None, group_names=None, feature_selection=False, feature_selection_threshold=0.8, feature_selection_method=classic, feature_interaction=False, feature_ratio=False, interaction_threshold=0.01, fix_imbalance=False, fix_imbalance_method=None, transform_target=False, transform_target_method=box-cox, data_split_shuffle=True, data_split_stratify=False, fold_strategy=stratifiedkfold, fold=10, fold_shuffle=True, fold_groups=None, n_jobs=-1, use_gpu=False, custom_pipeline=None, html=True, session_id=42, log_experiment=False, experiment_name=None, log_plots=False, log_profile=False, log_data=False, silent=False, verbose=True, profile=False, profile_kwargs=None, display=None)
2022-02-17 17:56:19,511:INFO:Checking environment
2022-02-17 17:56:19,511:INFO:python_version: 3.7.11
2022-02-17 17:56:19,511:INFO:python_build: ('default', 'Jul 27 2021 07:03:16')
2022-02-17 17:56:19,511:INFO:machine: x86_64
2022-02-17 17:56:19,511:INFO:platform: Darwin-20.6.0-x86_64-i386-64bit
2022-02-17 17:56:19,512:WARNING:cannot find psutil installation. memory not traceable. Install psutil using pip to enable memory logging.
2022-02-17 17:56:19,512:INFO:Checking libraries
2022-02-17 17:56:19,512:INFO:pd==1.3.5
2022-02-17 17:56:19,512:INFO:numpy==1.21.2
2022-02-17 17:56:19,512:INFO:sklearn==1.0.2
2022-02-17 17:56:19,512:INFO:xgboost==1.5.1
2022-02-17 17:56:19,512:INFO:lightgbm==3.3.2
2022-02-17 17:56:19,512:INFO:catboost==1.0.4
2022-02-17 17:56:19,513:INFO:mlflow==1.23.1
2022-02-17 17:56:19,513:INFO:Checking Exceptions
2022-02-17 17:56:19,513:INFO:Declaring global variables
2022-02-17 17:56:19,513:INFO:USI: 9a6d
2022-02-17 17:56:19,513:INFO:pycaret_globals: {'logging_param', 'stratify_param', 'fix_imbalance_method_param', '_all_metrics', 'target_param', 'X_test', 'X', '_ml_usecase', 'display_container', 'iterative_imputation_iters_param', 'fold_groups_param', 'imputation_regressor', '_all_models_internal', 'USI', 'y', 'log_plots_param', 'y_test', '_all_models', 'prep_pipe', 'experiment__', '_available_plots', 'fold_shuffle_param', 'data_before_preprocess', 'fold_param', 'n_jobs_param', 'exp_name_log', '_internal_pipeline', 'gpu_param', 'imputation_classifier', 'html_param', 'X_train', 'master_model_container', 'transform_target_method_param', 'seed', 'create_model_container', 'transform_target_param', 'y_train', 'fix_imbalance_param', 'pycaret_globals', 'fold_generator', '_gpu_n_jobs_param'}
2022-02-17 17:56:19,513:INFO:Preparing display monitor
2022-02-17 17:56:19,513:INFO:Preparing display monitor
2022-02-17 17:56:19,521:INFO:Importing libraries
2022-02-17 17:56:19,521:INFO:Copying data for preprocessing
2022-02-17 17:56:19,528:INFO:Declaring preprocessing parameters
2022-02-17 17:56:19,529:INFO:Creating preprocessing pipeline
2022-02-17 17:56:19,536:INFO:Preprocessing pipeline created successfully
2022-02-17 17:56:19,537:ERROR:(Process Exit): setup has been interupted with user command 'quit'. setup must rerun.
2022-02-17 17:56:19,537:INFO:Creating global containers
2022-02-17 17:56:19,537:INFO:Internal pipeline: Pipeline(memory=None, steps=[('empty_step', 'passthrough')], verbose=False)
2022-02-17 17:56:20,729:INFO:Creating grid variables
2022-02-17 17:56:20,737:INFO:create_model_container: 0
2022-02-17 17:56:20,737:INFO:master_model_container: 0
2022-02-17 17:56:20,737:INFO:display_container: 1
2022-02-17 17:57:24,818:INFO:PyCaret Supervised Module
2022-02-17 17:57:24,818:INFO:ML Usecase: classification
2022-02-17 17:57:24,819:INFO:version 2.2.3
2022-02-17 17:57:24,819:INFO:Initializing setup()
2022-02-17 17:57:24,819:INFO:setup(target=rain_tomorrow, ml_usecase=classification, available_plots={'parameter': 'Hyperparameters', 'auc': 'AUC', 'confusion_matrix': 'Confusion Matrix', 'threshold': 'Threshold', 'pr': 'Precision Recall', 'error': 'Prediction Error', 'class_report': 'Class Report', 'rfe': 'Feature Selection', 'learning': 'Learning Curve', 'manifold': 'Manifold Learning', 'calibration': 'Calibration Curve', 'vc': 'Validation Curve', 'dimension': 'Dimensions', 'feature': 'Feature Importance', 'feature_all': 'Feature Importance (All)', 'boundary': 'Decision Boundary', 'lift': 'Lift Chart', 'gain': 'Gain Chart', 'tree': 'Decision Tree'}, train_size=0.7, test_data=None, preprocess=True, imputation_type=iterative, iterative_imputation_iters=5, categorical_features=None, categorical_imputation=constant, categorical_iterative_imputer=lightgbm, ordinal_features=None, high_cardinality_features=None, high_cardinality_method=frequency, numeric_features=['tmed', 'prec', 'tmin', 'tmax', 'dir', 'velmedia', 'racha', 'sol', 'presmax', 'presmin', 'year', 'month', 'day', 'rain_today', 'horatmin_', 'horatmax_', 'horaracha_', 'horapresmin_'], numeric_imputation=mean, numeric_iterative_imputer=lightgbm, date_features=None, ignore_features=None, normalize=False, normalize_method=zscore, transformation=False, transformation_method=yeo-johnson, handle_unknown_categorical=True, unknown_categorical_method=least_frequent, pca=False, pca_method=linear, pca_components=None, ignore_low_variance=False, combine_rare_levels=False, rare_level_threshold=0.1, bin_numeric_features=None, remove_outliers=False, outliers_threshold=0.05, remove_multicollinearity=False, multicollinearity_threshold=0.9, remove_perfect_collinearity=True, create_clusters=False, cluster_iter=20, polynomial_features=False, polynomial_degree=2, trigonometry_features=False, polynomial_threshold=0.1, group_features=None, group_names=None, feature_selection=False, feature_selection_threshold=0.8, feature_selection_method=classic, feature_interaction=False, feature_ratio=False, interaction_threshold=0.01, fix_imbalance=False, fix_imbalance_method=None, transform_target=False, transform_target_method=box-cox, data_split_shuffle=True, data_split_stratify=False, fold_strategy=stratifiedkfold, fold=10, fold_shuffle=True, fold_groups=None, n_jobs=-1, use_gpu=False, custom_pipeline=None, html=True, session_id=42, log_experiment=False, experiment_name=None, log_plots=False, log_profile=False, log_data=False, silent=False, verbose=True, profile=False, profile_kwargs=None, display=None)
2022-02-17 17:57:24,819:INFO:Checking environment
2022-02-17 17:57:24,819:INFO:python_version: 3.7.11
2022-02-17 17:57:24,819:INFO:python_build: ('default', 'Jul 27 2021 07:03:16')
2022-02-17 17:57:24,819:INFO:machine: x86_64
2022-02-17 17:57:24,819:INFO:platform: Darwin-20.6.0-x86_64-i386-64bit
2022-02-17 17:57:24,820:WARNING:cannot find psutil installation. memory not traceable. Install psutil using pip to enable memory logging.
2022-02-17 17:57:24,820:INFO:Checking libraries
2022-02-17 17:57:24,820:INFO:pd==1.3.5
2022-02-17 17:57:24,820:INFO:numpy==1.21.2
2022-02-17 17:57:24,820:INFO:sklearn==1.0.2
2022-02-17 17:57:24,820:INFO:xgboost==1.5.1
2022-02-17 17:57:24,820:INFO:lightgbm==3.3.2
2022-02-17 17:57:24,820:INFO:catboost==1.0.4
2022-02-17 17:57:24,820:INFO:mlflow==1.23.1
2022-02-17 17:57:24,820:INFO:Checking Exceptions
2022-02-17 17:57:24,820:INFO:Declaring global variables
2022-02-17 17:57:24,820:INFO:USI: 4590
2022-02-17 17:57:24,820:INFO:pycaret_globals: {'logging_param', 'stratify_param', 'fix_imbalance_method_param', '_all_metrics', 'target_param', 'X_test', 'X', '_ml_usecase', 'display_container', 'iterative_imputation_iters_param', 'fold_groups_param', 'imputation_regressor', '_all_models_internal', 'USI', 'y', 'log_plots_param', 'y_test', '_all_models', 'prep_pipe', 'experiment__', '_available_plots', 'fold_shuffle_param', 'data_before_preprocess', 'fold_param', 'n_jobs_param', 'exp_name_log', '_internal_pipeline', 'gpu_param', 'imputation_classifier', 'html_param', 'X_train', 'master_model_container', 'transform_target_method_param', 'seed', 'create_model_container', 'transform_target_param', 'y_train', 'fix_imbalance_param', 'pycaret_globals', 'fold_generator', '_gpu_n_jobs_param'}
2022-02-17 17:57:24,820:INFO:Preparing display monitor
2022-02-17 17:57:24,820:INFO:Preparing display monitor
2022-02-17 17:57:24,839:INFO:Importing libraries
2022-02-17 17:57:24,839:INFO:Copying data for preprocessing
2022-02-17 17:57:24,850:INFO:Declaring preprocessing parameters
2022-02-17 17:57:24,853:INFO:Setting up iterative imputation
2022-02-17 17:57:25,063:INFO:Creating preprocessing pipeline
2022-02-17 17:57:25,065:INFO:Preprocessing pipeline created successfully
2022-02-17 17:57:25,066:ERROR:(Process Exit): setup has been interupted with user command 'quit'. setup must rerun.
2022-02-17 17:57:25,066:INFO:Creating global containers
2022-02-17 17:57:25,066:INFO:Internal pipeline: Pipeline(memory=None, steps=[('empty_step', 'passthrough')], verbose=False)
2022-02-17 17:57:27,890:INFO:Creating grid variables
2022-02-17 17:57:27,898:INFO:create_model_container: 0
2022-02-17 17:57:27,898:INFO:master_model_container: 0
2022-02-17 17:57:27,898:INFO:display_container: 1
2022-02-17 18:34:44,705:INFO:PyCaret Supervised Module
2022-02-17 18:34:44,706:INFO:ML Usecase: classification
2022-02-17 18:34:44,706:INFO:version 2.2.3
2022-02-17 18:34:44,706:INFO:Initializing setup()
2022-02-17 18:34:44,706:INFO:setup(target=rain_tomorrow, ml_usecase=classification, available_plots={'parameter': 'Hyperparameters', 'auc': 'AUC', 'confusion_matrix': 'Confusion Matrix', 'threshold': 'Threshold', 'pr': 'Precision Recall', 'error': 'Prediction Error', 'class_report': 'Class Report', 'rfe': 'Feature Selection', 'learning': 'Learning Curve', 'manifold': 'Manifold Learning', 'calibration': 'Calibration Curve', 'vc': 'Validation Curve', 'dimension': 'Dimensions', 'feature': 'Feature Importance', 'feature_all': 'Feature Importance (All)', 'boundary': 'Decision Boundary', 'lift': 'Lift Chart', 'gain': 'Gain Chart', 'tree': 'Decision Tree'}, train_size=0.7, test_data=0       0
1       0
2       0
3       0
4       0
       ..
3282    0
3283    0
3284    0
3285    0
3286    0
Name: rain_tomorrow, Length: 3287, dtype: int64, preprocess=True, imputation_type=iterative, iterative_imputation_iters=5, categorical_features=None, categorical_imputation=constant, categorical_iterative_imputer=lightgbm, ordinal_features=None, high_cardinality_features=None, high_cardinality_method=frequency, numeric_features=['tmed', 'prec', 'tmin', 'tmax', 'dir', 'velmedia', 'racha', 'sol', 'presmax', 'presmin', 'year', 'month', 'day', 'rain_today', 'horatmin_', 'horatmax_', 'horaracha_', 'horapresmin_'], numeric_imputation=mean, numeric_iterative_imputer=lightgbm, date_features=None, ignore_features=None, normalize=False, normalize_method=zscore, transformation=False, transformation_method=yeo-johnson, handle_unknown_categorical=True, unknown_categorical_method=least_frequent, pca=False, pca_method=linear, pca_components=None, ignore_low_variance=False, combine_rare_levels=False, rare_level_threshold=0.1, bin_numeric_features=None, remove_outliers=False, outliers_threshold=0.05, remove_multicollinearity=False, multicollinearity_threshold=0.9, remove_perfect_collinearity=True, create_clusters=False, cluster_iter=20, polynomial_features=False, polynomial_degree=2, trigonometry_features=False, polynomial_threshold=0.1, group_features=None, group_names=None, feature_selection=False, feature_selection_threshold=0.8, feature_selection_method=classic, feature_interaction=False, feature_ratio=False, interaction_threshold=0.01, fix_imbalance=False, fix_imbalance_method=None, transform_target=False, transform_target_method=box-cox, data_split_shuffle=True, data_split_stratify=False, fold_strategy=stratifiedkfold, fold=10, fold_shuffle=True, fold_groups=None, n_jobs=-1, use_gpu=False, custom_pipeline=None, html=True, session_id=42, log_experiment=False, experiment_name=None, log_plots=False, log_profile=False, log_data=False, silent=False, verbose=True, profile=False, profile_kwargs=None, display=None)
2022-02-17 18:34:44,706:INFO:Checking environment
2022-02-17 18:34:44,706:INFO:python_version: 3.7.11
2022-02-17 18:34:44,706:INFO:python_build: ('default', 'Jul 27 2021 07:03:16')
2022-02-17 18:34:44,706:INFO:machine: x86_64
2022-02-17 18:34:44,706:INFO:platform: Darwin-20.6.0-x86_64-i386-64bit
2022-02-17 18:34:44,708:WARNING:cannot find psutil installation. memory not traceable. Install psutil using pip to enable memory logging.
2022-02-17 18:34:44,708:INFO:Checking libraries
2022-02-17 18:34:44,708:INFO:pd==1.3.5
2022-02-17 18:34:44,708:INFO:numpy==1.21.2
2022-02-17 18:34:44,708:INFO:sklearn==1.0.2
2022-02-17 18:34:44,708:INFO:xgboost==1.5.1
2022-02-17 18:34:44,708:INFO:lightgbm==3.3.2
2022-02-17 18:34:44,708:INFO:catboost==1.0.4
2022-02-17 18:34:44,708:INFO:mlflow==1.23.1
2022-02-17 18:34:44,708:INFO:Checking Exceptions
2022-02-17 18:36:02,841:INFO:PyCaret Supervised Module
2022-02-17 18:36:02,841:INFO:ML Usecase: classification
2022-02-17 18:36:02,842:INFO:version 2.2.3
2022-02-17 18:36:02,842:INFO:Initializing setup()
2022-02-17 18:36:02,842:INFO:setup(target=Purchase, ml_usecase=classification, available_plots={'parameter': 'Hyperparameters', 'auc': 'AUC', 'confusion_matrix': 'Confusion Matrix', 'threshold': 'Threshold', 'pr': 'Precision Recall', 'error': 'Prediction Error', 'class_report': 'Class Report', 'rfe': 'Feature Selection', 'learning': 'Learning Curve', 'manifold': 'Manifold Learning', 'calibration': 'Calibration Curve', 'vc': 'Validation Curve', 'dimension': 'Dimensions', 'feature': 'Feature Importance', 'feature_all': 'Feature Importance (All)', 'boundary': 'Decision Boundary', 'lift': 'Lift Chart', 'gain': 'Gain Chart', 'tree': 'Decision Tree'}, train_size=0.7, test_data=None, preprocess=True, imputation_type=simple, iterative_imputation_iters=5, categorical_features=None, categorical_imputation=constant, categorical_iterative_imputer=lightgbm, ordinal_features=None, high_cardinality_features=None, high_cardinality_method=frequency, numeric_features=None, numeric_imputation=mean, numeric_iterative_imputer=lightgbm, date_features=None, ignore_features=None, normalize=False, normalize_method=zscore, transformation=False, transformation_method=yeo-johnson, handle_unknown_categorical=True, unknown_categorical_method=least_frequent, pca=False, pca_method=linear, pca_components=None, ignore_low_variance=False, combine_rare_levels=False, rare_level_threshold=0.1, bin_numeric_features=None, remove_outliers=False, outliers_threshold=0.05, remove_multicollinearity=False, multicollinearity_threshold=0.9, remove_perfect_collinearity=True, create_clusters=False, cluster_iter=20, polynomial_features=False, polynomial_degree=2, trigonometry_features=False, polynomial_threshold=0.1, group_features=None, group_names=None, feature_selection=False, feature_selection_threshold=0.8, feature_selection_method=classic, feature_interaction=False, feature_ratio=False, interaction_threshold=0.01, fix_imbalance=False, fix_imbalance_method=None, transform_target=False, transform_target_method=box-cox, data_split_shuffle=True, data_split_stratify=False, fold_strategy=stratifiedkfold, fold=10, fold_shuffle=False, fold_groups=None, n_jobs=-1, use_gpu=False, custom_pipeline=None, html=True, session_id=None, log_experiment=False, experiment_name=None, log_plots=False, log_profile=False, log_data=False, silent=False, verbose=True, profile=False, profile_kwargs=None, display=None)
2022-02-17 18:36:02,842:INFO:Checking environment
2022-02-17 18:36:02,842:INFO:python_version: 3.7.11
2022-02-17 18:36:02,842:INFO:python_build: ('default', 'Jul 27 2021 07:03:16')
2022-02-17 18:36:02,842:INFO:machine: x86_64
2022-02-17 18:36:02,842:INFO:platform: Darwin-20.6.0-x86_64-i386-64bit
2022-02-17 18:36:02,843:WARNING:cannot find psutil installation. memory not traceable. Install psutil using pip to enable memory logging.
2022-02-17 18:36:02,843:INFO:Checking libraries
2022-02-17 18:36:02,843:INFO:pd==1.3.5
2022-02-17 18:36:02,843:INFO:numpy==1.21.2
2022-02-17 18:36:02,843:INFO:sklearn==1.0.2
2022-02-17 18:36:02,843:INFO:xgboost==1.5.1
2022-02-17 18:36:02,843:INFO:lightgbm==3.3.2
2022-02-17 18:36:02,843:INFO:catboost==1.0.4
2022-02-17 18:36:02,843:INFO:mlflow==1.23.1
2022-02-17 18:36:02,843:INFO:Checking Exceptions
2022-02-17 18:36:02,843:INFO:Declaring global variables
2022-02-17 18:36:02,843:INFO:USI: d896
2022-02-17 18:36:02,843:INFO:pycaret_globals: {'logging_param', 'stratify_param', 'fix_imbalance_method_param', '_all_metrics', 'target_param', 'X_test', 'X', '_ml_usecase', 'display_container', 'iterative_imputation_iters_param', 'fold_groups_param', 'imputation_regressor', '_all_models_internal', 'USI', 'y', 'log_plots_param', 'y_test', '_all_models', 'prep_pipe', 'experiment__', '_available_plots', 'fold_shuffle_param', 'data_before_preprocess', 'fold_param', 'n_jobs_param', 'exp_name_log', '_internal_pipeline', 'gpu_param', 'imputation_classifier', 'html_param', 'X_train', 'master_model_container', 'transform_target_method_param', 'seed', 'create_model_container', 'transform_target_param', 'y_train', 'fix_imbalance_param', 'pycaret_globals', 'fold_generator', '_gpu_n_jobs_param'}
2022-02-17 18:36:02,843:INFO:Preparing display monitor
2022-02-17 18:36:02,843:INFO:Preparing display monitor
2022-02-17 18:36:02,852:INFO:Importing libraries
2022-02-17 18:36:02,853:INFO:Copying data for preprocessing
2022-02-17 18:36:02,858:INFO:Declaring preprocessing parameters
2022-02-17 18:36:02,861:INFO:Creating preprocessing pipeline
2022-02-17 18:36:02,873:INFO:Preprocessing pipeline created successfully
2022-02-17 18:36:02,873:ERROR:(Process Exit): setup has been interupted with user command 'quit'. setup must rerun.
2022-02-17 18:36:02,873:INFO:Creating global containers
2022-02-17 18:37:04,313:INFO:PyCaret Supervised Module
2022-02-17 18:37:04,314:INFO:ML Usecase: classification
2022-02-17 18:37:04,314:INFO:version 2.2.3
2022-02-17 18:37:04,314:INFO:Initializing setup()
2022-02-17 18:37:04,314:INFO:setup(target=Purchase, ml_usecase=classification, available_plots={'parameter': 'Hyperparameters', 'auc': 'AUC', 'confusion_matrix': 'Confusion Matrix', 'threshold': 'Threshold', 'pr': 'Precision Recall', 'error': 'Prediction Error', 'class_report': 'Class Report', 'rfe': 'Feature Selection', 'learning': 'Learning Curve', 'manifold': 'Manifold Learning', 'calibration': 'Calibration Curve', 'vc': 'Validation Curve', 'dimension': 'Dimensions', 'feature': 'Feature Importance', 'feature_all': 'Feature Importance (All)', 'boundary': 'Decision Boundary', 'lift': 'Lift Chart', 'gain': 'Gain Chart', 'tree': 'Decision Tree'}, train_size=0.7, test_data=None, preprocess=True, imputation_type=simple, iterative_imputation_iters=5, categorical_features=None, categorical_imputation=constant, categorical_iterative_imputer=lightgbm, ordinal_features=None, high_cardinality_features=None, high_cardinality_method=frequency, numeric_features=None, numeric_imputation=mean, numeric_iterative_imputer=lightgbm, date_features=None, ignore_features=None, normalize=False, normalize_method=zscore, transformation=False, transformation_method=yeo-johnson, handle_unknown_categorical=True, unknown_categorical_method=least_frequent, pca=False, pca_method=linear, pca_components=None, ignore_low_variance=False, combine_rare_levels=False, rare_level_threshold=0.1, bin_numeric_features=None, remove_outliers=False, outliers_threshold=0.05, remove_multicollinearity=False, multicollinearity_threshold=0.9, remove_perfect_collinearity=True, create_clusters=False, cluster_iter=20, polynomial_features=False, polynomial_degree=2, trigonometry_features=False, polynomial_threshold=0.1, group_features=None, group_names=None, feature_selection=False, feature_selection_threshold=0.8, feature_selection_method=classic, feature_interaction=False, feature_ratio=False, interaction_threshold=0.01, fix_imbalance=False, fix_imbalance_method=None, transform_target=False, transform_target_method=box-cox, data_split_shuffle=True, data_split_stratify=False, fold_strategy=stratifiedkfold, fold=10, fold_shuffle=True, fold_groups=None, n_jobs=-1, use_gpu=False, custom_pipeline=None, html=True, session_id=None, log_experiment=False, experiment_name=None, log_plots=False, log_profile=False, log_data=False, silent=False, verbose=True, profile=False, profile_kwargs=None, display=None)
2022-02-17 18:37:04,314:INFO:Checking environment
2022-02-17 18:37:04,314:INFO:python_version: 3.7.11
2022-02-17 18:37:04,315:INFO:python_build: ('default', 'Jul 27 2021 07:03:16')
2022-02-17 18:37:04,315:INFO:machine: x86_64
2022-02-17 18:37:04,315:INFO:platform: Darwin-20.6.0-x86_64-i386-64bit
2022-02-17 18:37:04,315:WARNING:cannot find psutil installation. memory not traceable. Install psutil using pip to enable memory logging.
2022-02-17 18:37:04,315:INFO:Checking libraries
2022-02-17 18:37:04,315:INFO:pd==1.3.5
2022-02-17 18:37:04,315:INFO:numpy==1.21.2
2022-02-17 18:37:04,315:INFO:sklearn==1.0.2
2022-02-17 18:37:04,315:INFO:xgboost==1.5.1
2022-02-17 18:37:04,315:INFO:lightgbm==3.3.2
2022-02-17 18:37:04,315:INFO:catboost==1.0.4
2022-02-17 18:37:04,315:INFO:mlflow==1.23.1
2022-02-17 18:37:04,315:INFO:Checking Exceptions
2022-02-17 18:37:04,316:INFO:Declaring global variables
2022-02-17 18:37:04,316:INFO:USI: 8c90
2022-02-17 18:37:04,316:INFO:pycaret_globals: {'logging_param', 'stratify_param', 'fix_imbalance_method_param', '_all_metrics', 'target_param', 'X_test', 'X', '_ml_usecase', 'display_container', 'iterative_imputation_iters_param', 'fold_groups_param', 'imputation_regressor', '_all_models_internal', 'USI', 'y', 'log_plots_param', 'y_test', '_all_models', 'prep_pipe', 'experiment__', '_available_plots', 'fold_shuffle_param', 'data_before_preprocess', 'fold_param', 'n_jobs_param', 'exp_name_log', '_internal_pipeline', 'gpu_param', 'imputation_classifier', 'html_param', 'X_train', 'master_model_container', 'transform_target_method_param', 'seed', 'create_model_container', 'transform_target_param', 'y_train', 'fix_imbalance_param', 'pycaret_globals', 'fold_generator', '_gpu_n_jobs_param'}
2022-02-17 18:37:04,316:INFO:Preparing display monitor
2022-02-17 18:37:04,316:INFO:Preparing display monitor
2022-02-17 18:37:04,325:INFO:Importing libraries
2022-02-17 18:37:04,325:INFO:Copying data for preprocessing
2022-02-17 18:37:04,334:INFO:Declaring preprocessing parameters
2022-02-17 18:37:04,337:INFO:Creating preprocessing pipeline
2022-02-17 18:37:04,351:INFO:Preprocessing pipeline created successfully
2022-02-17 18:37:04,351:ERROR:(Process Exit): setup has been interupted with user command 'quit'. setup must rerun.
2022-02-17 18:37:04,351:INFO:Creating global containers
2022-02-17 18:37:04,352:INFO:Internal pipeline: Pipeline(memory=None, steps=[('empty_step', 'passthrough')], verbose=False)
2022-02-17 18:37:07,026:INFO:Creating grid variables
2022-02-17 18:37:07,035:INFO:create_model_container: 0
2022-02-17 18:37:07,035:INFO:master_model_container: 0
2022-02-17 18:37:07,035:INFO:display_container: 1
2022-02-17 18:39:38,761:INFO:PyCaret Supervised Module
2022-02-17 18:39:38,762:INFO:ML Usecase: classification
2022-02-17 18:39:38,762:INFO:version 2.2.3
2022-02-17 18:39:38,762:INFO:Initializing setup()
2022-02-17 18:39:38,762:INFO:setup(target=default, ml_usecase=classification, available_plots={'parameter': 'Hyperparameters', 'auc': 'AUC', 'confusion_matrix': 'Confusion Matrix', 'threshold': 'Threshold', 'pr': 'Precision Recall', 'error': 'Prediction Error', 'class_report': 'Class Report', 'rfe': 'Feature Selection', 'learning': 'Learning Curve', 'manifold': 'Manifold Learning', 'calibration': 'Calibration Curve', 'vc': 'Validation Curve', 'dimension': 'Dimensions', 'feature': 'Feature Importance', 'feature_all': 'Feature Importance (All)', 'boundary': 'Decision Boundary', 'lift': 'Lift Chart', 'gain': 'Gain Chart', 'tree': 'Decision Tree'}, train_size=0.7, test_data=None, preprocess=True, imputation_type=simple, iterative_imputation_iters=5, categorical_features=None, categorical_imputation=constant, categorical_iterative_imputer=lightgbm, ordinal_features=None, high_cardinality_features=None, high_cardinality_method=frequency, numeric_features=None, numeric_imputation=mean, numeric_iterative_imputer=lightgbm, date_features=None, ignore_features=None, normalize=False, normalize_method=zscore, transformation=False, transformation_method=yeo-johnson, handle_unknown_categorical=True, unknown_categorical_method=least_frequent, pca=False, pca_method=linear, pca_components=None, ignore_low_variance=False, combine_rare_levels=False, rare_level_threshold=0.1, bin_numeric_features=None, remove_outliers=False, outliers_threshold=0.05, remove_multicollinearity=False, multicollinearity_threshold=0.9, remove_perfect_collinearity=True, create_clusters=False, cluster_iter=20, polynomial_features=False, polynomial_degree=2, trigonometry_features=False, polynomial_threshold=0.1, group_features=None, group_names=None, feature_selection=False, feature_selection_threshold=0.8, feature_selection_method=classic, feature_interaction=False, feature_ratio=False, interaction_threshold=0.01, fix_imbalance=False, fix_imbalance_method=None, transform_target=False, transform_target_method=box-cox, data_split_shuffle=True, data_split_stratify=False, fold_strategy=stratifiedkfold, fold=10, fold_shuffle=True, fold_groups=None, n_jobs=-1, use_gpu=False, custom_pipeline=None, html=True, session_id=None, log_experiment=False, experiment_name=None, log_plots=False, log_profile=False, log_data=False, silent=False, verbose=True, profile=False, profile_kwargs=None, display=None)
2022-02-17 18:39:38,762:INFO:Checking environment
2022-02-17 18:39:38,762:INFO:python_version: 3.7.11
2022-02-17 18:39:38,762:INFO:python_build: ('default', 'Jul 27 2021 07:03:16')
2022-02-17 18:39:38,762:INFO:machine: x86_64
2022-02-17 18:39:38,762:INFO:platform: Darwin-20.6.0-x86_64-i386-64bit
2022-02-17 18:39:38,763:WARNING:cannot find psutil installation. memory not traceable. Install psutil using pip to enable memory logging.
2022-02-17 18:39:38,763:INFO:Checking libraries
2022-02-17 18:39:38,763:INFO:pd==1.3.5
2022-02-17 18:39:38,763:INFO:numpy==1.21.2
2022-02-17 18:39:38,763:INFO:sklearn==1.0.2
2022-02-17 18:39:38,763:INFO:xgboost==1.5.1
2022-02-17 18:39:38,763:INFO:lightgbm==3.3.2
2022-02-17 18:39:38,763:INFO:catboost==1.0.4
2022-02-17 18:39:38,763:INFO:mlflow==1.23.1
2022-02-17 18:39:38,763:INFO:Checking Exceptions
2022-02-17 18:45:49,456:INFO:PyCaret Supervised Module
2022-02-17 18:45:49,456:INFO:ML Usecase: classification
2022-02-17 18:45:49,456:INFO:version 2.2.3
2022-02-17 18:45:49,456:INFO:Initializing setup()
2022-02-17 18:45:49,456:INFO:setup(target=default, ml_usecase=classification, available_plots={'parameter': 'Hyperparameters', 'auc': 'AUC', 'confusion_matrix': 'Confusion Matrix', 'threshold': 'Threshold', 'pr': 'Precision Recall', 'error': 'Prediction Error', 'class_report': 'Class Report', 'rfe': 'Feature Selection', 'learning': 'Learning Curve', 'manifold': 'Manifold Learning', 'calibration': 'Calibration Curve', 'vc': 'Validation Curve', 'dimension': 'Dimensions', 'feature': 'Feature Importance', 'feature_all': 'Feature Importance (All)', 'boundary': 'Decision Boundary', 'lift': 'Lift Chart', 'gain': 'Gain Chart', 'tree': 'Decision Tree'}, train_size=0.7, test_data=None, preprocess=True, imputation_type=simple, iterative_imputation_iters=5, categorical_features=None, categorical_imputation=constant, categorical_iterative_imputer=lightgbm, ordinal_features=None, high_cardinality_features=None, high_cardinality_method=frequency, numeric_features=None, numeric_imputation=mean, numeric_iterative_imputer=lightgbm, date_features=None, ignore_features=None, normalize=False, normalize_method=zscore, transformation=False, transformation_method=yeo-johnson, handle_unknown_categorical=True, unknown_categorical_method=least_frequent, pca=False, pca_method=linear, pca_components=None, ignore_low_variance=False, combine_rare_levels=False, rare_level_threshold=0.1, bin_numeric_features=None, remove_outliers=False, outliers_threshold=0.05, remove_multicollinearity=False, multicollinearity_threshold=0.9, remove_perfect_collinearity=True, create_clusters=False, cluster_iter=20, polynomial_features=False, polynomial_degree=2, trigonometry_features=False, polynomial_threshold=0.1, group_features=None, group_names=None, feature_selection=False, feature_selection_threshold=0.8, feature_selection_method=classic, feature_interaction=False, feature_ratio=False, interaction_threshold=0.01, fix_imbalance=False, fix_imbalance_method=None, transform_target=False, transform_target_method=box-cox, data_split_shuffle=True, data_split_stratify=False, fold_strategy=stratifiedkfold, fold=10, fold_shuffle=True, fold_groups=None, n_jobs=-1, use_gpu=False, custom_pipeline=None, html=True, session_id=None, log_experiment=False, experiment_name=None, log_plots=False, log_profile=False, log_data=False, silent=False, verbose=True, profile=False, profile_kwargs=None, display=None)
2022-02-17 18:45:49,456:INFO:Checking environment
2022-02-17 18:45:49,456:INFO:python_version: 3.7.11
2022-02-17 18:45:49,456:INFO:python_build: ('default', 'Jul 27 2021 07:03:16')
2022-02-17 18:45:49,456:INFO:machine: x86_64
2022-02-17 18:45:49,456:INFO:platform: Darwin-20.6.0-x86_64-i386-64bit
2022-02-17 18:45:49,456:WARNING:cannot find psutil installation. memory not traceable. Install psutil using pip to enable memory logging.
2022-02-17 18:45:49,456:INFO:Checking libraries
2022-02-17 18:45:49,456:INFO:pd==1.3.5
2022-02-17 18:45:49,456:INFO:numpy==1.21.2
2022-02-17 18:45:49,456:INFO:sklearn==1.0.2
2022-02-17 18:45:49,505:INFO:xgboost==1.5.1
2022-02-17 18:45:49,505:INFO:lightgbm==3.3.2
2022-02-17 18:45:49,517:INFO:catboost==1.0.4
2022-02-17 18:45:49,764:INFO:mlflow==1.23.1
2022-02-17 18:45:49,764:INFO:Checking Exceptions
2022-02-17 18:46:05,503:INFO:PyCaret Supervised Module
2022-02-17 18:46:05,503:INFO:ML Usecase: classification
2022-02-17 18:46:05,503:INFO:version 2.2.3
2022-02-17 18:46:05,503:INFO:Initializing setup()
2022-02-17 18:46:05,503:INFO:setup(target=Purchase, ml_usecase=classification, available_plots={'parameter': 'Hyperparameters', 'auc': 'AUC', 'confusion_matrix': 'Confusion Matrix', 'threshold': 'Threshold', 'pr': 'Precision Recall', 'error': 'Prediction Error', 'class_report': 'Class Report', 'rfe': 'Feature Selection', 'learning': 'Learning Curve', 'manifold': 'Manifold Learning', 'calibration': 'Calibration Curve', 'vc': 'Validation Curve', 'dimension': 'Dimensions', 'feature': 'Feature Importance', 'feature_all': 'Feature Importance (All)', 'boundary': 'Decision Boundary', 'lift': 'Lift Chart', 'gain': 'Gain Chart', 'tree': 'Decision Tree'}, train_size=0.7, test_data=None, preprocess=True, imputation_type=simple, iterative_imputation_iters=5, categorical_features=None, categorical_imputation=constant, categorical_iterative_imputer=lightgbm, ordinal_features=None, high_cardinality_features=None, high_cardinality_method=frequency, numeric_features=None, numeric_imputation=mean, numeric_iterative_imputer=lightgbm, date_features=None, ignore_features=None, normalize=False, normalize_method=zscore, transformation=False, transformation_method=yeo-johnson, handle_unknown_categorical=True, unknown_categorical_method=least_frequent, pca=False, pca_method=linear, pca_components=None, ignore_low_variance=False, combine_rare_levels=False, rare_level_threshold=0.1, bin_numeric_features=None, remove_outliers=False, outliers_threshold=0.05, remove_multicollinearity=False, multicollinearity_threshold=0.9, remove_perfect_collinearity=True, create_clusters=False, cluster_iter=20, polynomial_features=False, polynomial_degree=2, trigonometry_features=False, polynomial_threshold=0.1, group_features=None, group_names=None, feature_selection=False, feature_selection_threshold=0.8, feature_selection_method=classic, feature_interaction=False, feature_ratio=False, interaction_threshold=0.01, fix_imbalance=False, fix_imbalance_method=None, transform_target=False, transform_target_method=box-cox, data_split_shuffle=True, data_split_stratify=False, fold_strategy=stratifiedkfold, fold=10, fold_shuffle=True, fold_groups=None, n_jobs=-1, use_gpu=False, custom_pipeline=None, html=True, session_id=None, log_experiment=False, experiment_name=None, log_plots=False, log_profile=False, log_data=False, silent=False, verbose=True, profile=False, profile_kwargs=None, display=None)
2022-02-17 18:46:05,503:INFO:Checking environment
2022-02-17 18:46:05,503:INFO:python_version: 3.7.11
2022-02-17 18:46:05,503:INFO:python_build: ('default', 'Jul 27 2021 07:03:16')
2022-02-17 18:46:05,503:INFO:machine: x86_64
2022-02-17 18:46:05,503:INFO:platform: Darwin-20.6.0-x86_64-i386-64bit
2022-02-17 18:46:05,504:WARNING:cannot find psutil installation. memory not traceable. Install psutil using pip to enable memory logging.
2022-02-17 18:46:05,504:INFO:Checking libraries
2022-02-17 18:46:05,504:INFO:pd==1.3.5
2022-02-17 18:46:05,504:INFO:numpy==1.21.2
2022-02-17 18:46:05,504:INFO:sklearn==1.0.2
2022-02-17 18:46:05,504:INFO:xgboost==1.5.1
2022-02-17 18:46:05,504:INFO:lightgbm==3.3.2
2022-02-17 18:46:05,504:INFO:catboost==1.0.4
2022-02-17 18:46:05,504:INFO:mlflow==1.23.1
2022-02-17 18:46:05,504:INFO:Checking Exceptions
2022-02-17 18:46:05,504:INFO:Declaring global variables
2022-02-17 18:46:05,504:INFO:USI: 3627
2022-02-17 18:46:05,504:INFO:pycaret_globals: {'logging_param', '_available_plots', 'transform_target_method_param', 'iterative_imputation_iters_param', 'X_train', 'seed', '_internal_pipeline', 'experiment__', 'X_test', 'fold_generator', 'create_model_container', 'display_container', 'html_param', 'fix_imbalance_param', '_all_models', '_ml_usecase', 'y', 'transform_target_param', 'imputation_classifier', 'master_model_container', 'prep_pipe', 'fix_imbalance_method_param', 'log_plots_param', '_gpu_n_jobs_param', 'fold_groups_param', 'y_train', 'imputation_regressor', 'target_param', 'pycaret_globals', 'data_before_preprocess', 'X', 'fold_param', 'exp_name_log', 'y_test', 'USI', 'gpu_param', 'stratify_param', '_all_models_internal', 'n_jobs_param', '_all_metrics', 'fold_shuffle_param'}
2022-02-17 18:46:05,504:INFO:Preparing display monitor
2022-02-17 18:46:05,504:INFO:Preparing display monitor
2022-02-17 18:46:05,512:INFO:Importing libraries
2022-02-17 18:46:05,512:INFO:Copying data for preprocessing
2022-02-17 18:46:05,519:INFO:Declaring preprocessing parameters
2022-02-17 18:46:05,522:INFO:Creating preprocessing pipeline
2022-02-17 18:46:05,532:INFO:Preprocessing pipeline created successfully
2022-02-17 18:46:05,532:ERROR:(Process Exit): setup has been interupted with user command 'quit'. setup must rerun.
2022-02-17 18:46:05,532:INFO:Creating global containers
2022-02-17 18:46:05,533:INFO:Internal pipeline: Pipeline(memory=None, steps=[('empty_step', 'passthrough')], verbose=False)
2022-02-17 18:46:07,289:INFO:Creating grid variables
2022-02-17 18:46:07,297:INFO:create_model_container: 0
2022-02-17 18:46:07,297:INFO:master_model_container: 0
2022-02-17 18:46:07,298:INFO:display_container: 1
2022-02-17 18:46:24,960:INFO:PyCaret Supervised Module
2022-02-17 18:46:24,963:INFO:ML Usecase: classification
2022-02-17 18:46:24,964:INFO:version 2.2.3
2022-02-17 18:46:24,964:INFO:Initializing setup()
2022-02-17 18:46:24,964:INFO:setup(target=Purchase, ml_usecase=classification, available_plots={'parameter': 'Hyperparameters', 'auc': 'AUC', 'confusion_matrix': 'Confusion Matrix', 'threshold': 'Threshold', 'pr': 'Precision Recall', 'error': 'Prediction Error', 'class_report': 'Class Report', 'rfe': 'Feature Selection', 'learning': 'Learning Curve', 'manifold': 'Manifold Learning', 'calibration': 'Calibration Curve', 'vc': 'Validation Curve', 'dimension': 'Dimensions', 'feature': 'Feature Importance', 'feature_all': 'Feature Importance (All)', 'boundary': 'Decision Boundary', 'lift': 'Lift Chart', 'gain': 'Gain Chart', 'tree': 'Decision Tree'}, train_size=0.7, test_data=None, preprocess=True, imputation_type=simple, iterative_imputation_iters=5, categorical_features=None, categorical_imputation=constant, categorical_iterative_imputer=lightgbm, ordinal_features=None, high_cardinality_features=None, high_cardinality_method=frequency, numeric_features=None, numeric_imputation=mean, numeric_iterative_imputer=lightgbm, date_features=None, ignore_features=None, normalize=False, normalize_method=zscore, transformation=False, transformation_method=yeo-johnson, handle_unknown_categorical=True, unknown_categorical_method=least_frequent, pca=False, pca_method=linear, pca_components=None, ignore_low_variance=False, combine_rare_levels=False, rare_level_threshold=0.1, bin_numeric_features=None, remove_outliers=False, outliers_threshold=0.05, remove_multicollinearity=False, multicollinearity_threshold=0.9, remove_perfect_collinearity=True, create_clusters=False, cluster_iter=20, polynomial_features=False, polynomial_degree=2, trigonometry_features=False, polynomial_threshold=0.1, group_features=None, group_names=None, feature_selection=False, feature_selection_threshold=0.8, feature_selection_method=classic, feature_interaction=False, feature_ratio=False, interaction_threshold=0.01, fix_imbalance=False, fix_imbalance_method=None, transform_target=False, transform_target_method=box-cox, data_split_shuffle=True, data_split_stratify=False, fold_strategy=stratifiedkfold, fold=10, fold_shuffle=True, fold_groups=None, n_jobs=-1, use_gpu=False, custom_pipeline=None, html=True, session_id=None, log_experiment=False, experiment_name=None, log_plots=False, log_profile=False, log_data=False, silent=False, verbose=True, profile=False, profile_kwargs=None, display=None)
2022-02-17 18:46:24,964:INFO:Checking environment
2022-02-17 18:46:24,964:INFO:python_version: 3.7.11
2022-02-17 18:46:24,964:INFO:python_build: ('default', 'Jul 27 2021 07:03:16')
2022-02-17 18:46:24,964:INFO:machine: x86_64
2022-02-17 18:46:24,964:INFO:platform: Darwin-20.6.0-x86_64-i386-64bit
2022-02-17 18:46:24,964:WARNING:cannot find psutil installation. memory not traceable. Install psutil using pip to enable memory logging.
2022-02-17 18:46:24,964:INFO:Checking libraries
2022-02-17 18:46:24,964:INFO:pd==1.3.5
2022-02-17 18:46:24,964:INFO:numpy==1.21.2
2022-02-17 18:46:24,964:INFO:sklearn==1.0.2
2022-02-17 18:46:24,964:INFO:xgboost==1.5.1
2022-02-17 18:46:24,964:INFO:lightgbm==3.3.2
2022-02-17 18:46:24,964:INFO:catboost==1.0.4
2022-02-17 18:46:24,964:INFO:mlflow==1.23.1
2022-02-17 18:46:24,964:INFO:Checking Exceptions
2022-02-17 18:46:24,964:INFO:Declaring global variables
2022-02-17 18:46:24,965:INFO:USI: 1ab9
2022-02-17 18:46:24,965:INFO:pycaret_globals: {'logging_param', 'stratify_param', 'fix_imbalance_method_param', '_all_metrics', 'target_param', 'X_test', 'X', '_ml_usecase', 'display_container', 'iterative_imputation_iters_param', 'fold_groups_param', 'imputation_regressor', '_all_models_internal', 'USI', 'y', 'log_plots_param', 'y_test', '_all_models', 'prep_pipe', 'experiment__', '_available_plots', 'fold_shuffle_param', 'data_before_preprocess', 'fold_param', 'n_jobs_param', 'exp_name_log', '_internal_pipeline', 'gpu_param', 'imputation_classifier', 'html_param', 'X_train', 'master_model_container', 'transform_target_method_param', 'seed', 'create_model_container', 'transform_target_param', 'y_train', 'fix_imbalance_param', 'pycaret_globals', 'fold_generator', '_gpu_n_jobs_param'}
2022-02-17 18:46:24,965:INFO:Preparing display monitor
2022-02-17 18:46:24,965:INFO:Preparing display monitor
2022-02-17 18:46:24,975:INFO:Importing libraries
2022-02-17 18:46:24,982:INFO:Copying data for preprocessing
2022-02-17 18:46:24,991:INFO:Declaring preprocessing parameters
2022-02-17 18:46:25,003:INFO:Creating preprocessing pipeline
2022-02-17 18:46:25,021:INFO:Preprocessing pipeline created successfully
2022-02-17 18:46:25,037:ERROR:(Process Exit): setup has been interupted with user command 'quit'. setup must rerun.
2022-02-17 18:46:25,037:INFO:Creating global containers
2022-02-17 18:46:25,038:INFO:Internal pipeline: Pipeline(memory=None, steps=[('empty_step', 'passthrough')], verbose=False)
2022-02-17 18:46:27,738:INFO:Creating grid variables
2022-02-17 18:46:27,746:INFO:create_model_container: 0
2022-02-17 18:46:27,746:INFO:master_model_container: 0
2022-02-17 18:46:27,747:INFO:display_container: 1
